TpTrace Verbose: 0 : 6632, 1, 2024/05/02, 21:11:54.770, 4828016896970, vstest.console.dll, Version: 17.9.0-release-24072-02 Current process architecture: X64
TpTrace Verbose: 0 : 6632, 1, 2024/05/02, 21:11:54.772, 4828016921045, vstest.console.dll, Runtime location: C:\Program Files\dotnet\shared\Microsoft.NETCore.App\8.0.4
TpTrace Verbose: 0 : 6632, 1, 2024/05/02, 21:11:54.774, 4828016936467, vstest.console.dll, ArtifactProcessingPostProcessModeProcessorExecutor.Initialize: ArtifactProcessingMode.Collect
TpTrace Verbose: 0 : 6632, 1, 2024/05/02, 21:11:54.774, 4828016937248, vstest.console.dll, TestSessionCorrelationIdProcessorModeProcessorExecutor.Initialize: TestSessionCorrelationId '25444_c6f5cb6d-9095-4493-953c-fef7459698d0'
TpTrace Information: 0 : 6632, 1, 2024/05/02, 21:11:54.783, 4828017029345, vstest.console.dll, FilePatternParser: The given file C:\Temp\source\MyApplication\MyApplication.Test\bin\Debug\net6.0\fine-code-coverage\build-output\MyApplication.Test.dll is a full path.
TpTrace Verbose: 0 : 6632, 1, 2024/05/02, 21:11:54.786, 4828017063792, vstest.console.dll, TestPluginCache.DiscoverTestExtensions: finding test extensions in assemblies ends with: RuntimeProvider.dll TPluginInfo: Microsoft.VisualStudio.TestPlatform.Common.ExtensionFramework.Utilities.TestRuntimePluginInformation TExtension: Microsoft.VisualStudio.TestPlatform.ObjectModel.Host.ITestRuntimeProvider
TpTrace Verbose: 0 : 6632, 1, 2024/05/02, 21:11:54.786, 4828017065814, vstest.console.dll, TestPluginCache.GetExtensionPaths: Filtered extension paths: 
TpTrace Verbose: 0 : 6632, 1, 2024/05/02, 21:11:54.787, 4828017066308, vstest.console.dll, TestPluginCache.GetExtensionPaths: Added default extension paths: C:\Program Files\dotnet\sdk\8.0.204\Extensions\Microsoft.Diagnostics.NETCore.Client.dll
C:\Program Files\dotnet\sdk\8.0.204\Extensions\Microsoft.TestPlatform.Extensions.BlameDataCollector.dll
C:\Program Files\dotnet\sdk\8.0.204\Extensions\Microsoft.TestPlatform.Extensions.EventLogCollector.dll
C:\Program Files\dotnet\sdk\8.0.204\Extensions\Microsoft.TestPlatform.TestHostRuntimeProvider.dll
C:\Program Files\dotnet\sdk\8.0.204\Extensions\Microsoft.VisualStudio.TestPlatform.Extensions.Html.TestLogger.dll
C:\Program Files\dotnet\sdk\8.0.204\Extensions\Microsoft.VisualStudio.TestPlatform.Extensions.Trx.TestLogger.dll
TpTrace Verbose: 0 : 6632, 1, 2024/05/02, 21:11:54.787, 4828017066545, vstest.console.dll, TestPluginCache.GetExtensionPaths: Added unfilterableExtensionPaths: 
TpTrace Information: 0 : 6632, 1, 2024/05/02, 21:11:54.787, 4828017069717, vstest.console.dll, AssemblyResolver.ctor: Creating AssemblyResolver with searchDirectories C:\Program Files\dotnet\sdk\8.0.204\Extensions,C:\Program Files\dotnet\sdk\8.0.204
TpTrace Verbose: 0 : 6632, 1, 2024/05/02, 21:11:54.788, 4828017080129, vstest.console.dll, TestPluginCache.DiscoverTestExtensions: Discovering the extensions using extension path.
TpTrace Verbose: 0 : 6632, 1, 2024/05/02, 21:11:54.788, 4828017081094, vstest.console.dll, TestPluginCache.GetExtensionPaths: Filtered extension paths: 
TpTrace Verbose: 0 : 6632, 1, 2024/05/02, 21:11:54.788, 4828017081324, vstest.console.dll, TestPluginCache.GetExtensionPaths: Added default extension paths: C:\Program Files\dotnet\sdk\8.0.204\Extensions\Microsoft.Diagnostics.NETCore.Client.dll
C:\Program Files\dotnet\sdk\8.0.204\Extensions\Microsoft.TestPlatform.Extensions.BlameDataCollector.dll
C:\Program Files\dotnet\sdk\8.0.204\Extensions\Microsoft.TestPlatform.Extensions.EventLogCollector.dll
C:\Program Files\dotnet\sdk\8.0.204\Extensions\Microsoft.TestPlatform.TestHostRuntimeProvider.dll
C:\Program Files\dotnet\sdk\8.0.204\Extensions\Microsoft.VisualStudio.TestPlatform.Extensions.Html.TestLogger.dll
C:\Program Files\dotnet\sdk\8.0.204\Extensions\Microsoft.VisualStudio.TestPlatform.Extensions.Trx.TestLogger.dll
TpTrace Verbose: 0 : 6632, 1, 2024/05/02, 21:11:54.788, 4828017081448, vstest.console.dll, TestPluginCache.GetExtensionPaths: Added unfilterableExtensionPaths: 
TpTrace Verbose: 0 : 6632, 1, 2024/05/02, 21:11:54.788, 4828017081757, vstest.console.dll, TestPluginCache.DiscoverTestExtensions: Discovering the extensions using allExtensionPaths: C:\Program Files\dotnet\sdk\8.0.204\Extensions\Microsoft.Diagnostics.NETCore.Client.dll
C:\Program Files\dotnet\sdk\8.0.204\Extensions\Microsoft.TestPlatform.Extensions.BlameDataCollector.dll
C:\Program Files\dotnet\sdk\8.0.204\Extensions\Microsoft.TestPlatform.Extensions.EventLogCollector.dll
C:\Program Files\dotnet\sdk\8.0.204\Extensions\Microsoft.TestPlatform.TestHostRuntimeProvider.dll
C:\Program Files\dotnet\sdk\8.0.204\Extensions\Microsoft.VisualStudio.TestPlatform.Extensions.Html.TestLogger.dll
C:\Program Files\dotnet\sdk\8.0.204\Extensions\Microsoft.VisualStudio.TestPlatform.Extensions.Trx.TestLogger.dll
TpTrace Information: 0 : 6632, 1, 2024/05/02, 21:11:54.788, 4828017082568, vstest.console.dll, AssemblyResolver.AddSearchDirectories: Adding more searchDirectories C:\Program Files\dotnet\sdk\8.0.204\Extensions,C:\Program Files\dotnet\sdk\8.0.204
TpTrace Information: 0 : 6632, 1, 2024/05/02, 21:11:54.788, 4828017082801, vstest.console.dll, AssemblyResolver.AddSearchDirectories: Adding more searchDirectories C:\Program Files\dotnet\sdk\8.0.204\Extensions,C:\Program Files\dotnet\sdk\8.0.204
TpTrace Information: 0 : 6632, 1, 2024/05/02, 21:11:54.788, 4828017082945, vstest.console.dll, AssemblyResolver.AddSearchDirectories: Adding more searchDirectories C:\Program Files\dotnet\sdk\8.0.204\Extensions,C:\Program Files\dotnet\sdk\8.0.204
TpTrace Information: 0 : 6632, 1, 2024/05/02, 21:11:54.788, 4828017083059, vstest.console.dll, AssemblyResolver.AddSearchDirectories: Adding more searchDirectories C:\Program Files\dotnet\sdk\8.0.204\Extensions,C:\Program Files\dotnet\sdk\8.0.204
TpTrace Information: 0 : 6632, 1, 2024/05/02, 21:11:54.788, 4828017083171, vstest.console.dll, AssemblyResolver.AddSearchDirectories: Adding more searchDirectories C:\Program Files\dotnet\sdk\8.0.204\Extensions,C:\Program Files\dotnet\sdk\8.0.204
TpTrace Information: 0 : 6632, 1, 2024/05/02, 21:11:54.788, 4828017083303, vstest.console.dll, AssemblyResolver.AddSearchDirectories: Adding more searchDirectories C:\Program Files\dotnet\sdk\8.0.204\Extensions,C:\Program Files\dotnet\sdk\8.0.204
TpTrace Information: 0 : 6632, 1, 2024/05/02, 21:11:54.789, 4828017086200, vstest.console.dll, AssemblyResolver.OnResolve: Microsoft.Diagnostics.NETCore.Client: Resolving assembly.
TpTrace Information: 0 : 6632, 1, 2024/05/02, 21:11:54.789, 4828017086734, vstest.console.dll, AssemblyResolver.OnResolve: Microsoft.Diagnostics.NETCore.Client: Searching in: 'C:\Program Files\dotnet\sdk\8.0.204\Extensions'.
TpTrace Information: 0 : 6632, 1, 2024/05/02, 21:11:54.793, 4828017130095, vstest.console.dll, AssemblyResolver.OnResolve: Microsoft.Diagnostics.NETCore.Client: Loading assembly 'C:\Program Files\dotnet\sdk\8.0.204\Extensions\Microsoft.Diagnostics.NETCore.Client.dll'.
TpTrace Information: 0 : 6632, 1, 2024/05/02, 21:11:54.793, 4828017135187, vstest.console.dll, AssemblyResolver.OnResolve: Resolved assembly: Microsoft.Diagnostics.NETCore.Client, from path: C:\Program Files\dotnet\sdk\8.0.204\Extensions\Microsoft.Diagnostics.NETCore.Client.dll
TpTrace Verbose: 0 : 6632, 1, 2024/05/02, 21:11:54.796, 4828017163146, vstest.console.dll, MetadataReaderExtensionsHelper: Discovering extensions inside assembly 'Microsoft.Diagnostics.NETCore.Client, Version=0.2.9.2401, Culture=neutral, PublicKeyToken=31bf3856ad364e35' file path 'C:\Program Files\dotnet\sdk\8.0.204\Extensions\Microsoft.Diagnostics.NETCore.Client.dll'
TpTrace Information: 0 : 6632, 1, 2024/05/02, 21:11:54.799, 4828017190655, vstest.console.dll, AssemblyResolver.OnResolve: Microsoft.Bcl.AsyncInterfaces: Resolving assembly.
TpTrace Information: 0 : 6632, 1, 2024/05/02, 21:11:54.799, 4828017191305, vstest.console.dll, AssemblyResolver.OnResolve: Microsoft.Bcl.AsyncInterfaces: Searching in: 'C:\Program Files\dotnet\sdk\8.0.204\Extensions'.
TpTrace Information: 0 : 6632, 1, 2024/05/02, 21:11:54.799, 4828017191788, vstest.console.dll, AssemblyResolver.OnResolve: Microsoft.Bcl.AsyncInterfaces: Assembly path does not exist: 'C:\Program Files\dotnet\sdk\8.0.204\Extensions\Microsoft.Bcl.AsyncInterfaces.dll', returning.
TpTrace Information: 0 : 6632, 1, 2024/05/02, 21:11:54.799, 4828017192370, vstest.console.dll, AssemblyResolver.OnResolve: Microsoft.Bcl.AsyncInterfaces: Assembly path does not exist: 'C:\Program Files\dotnet\sdk\8.0.204\Extensions\Microsoft.Bcl.AsyncInterfaces.exe', returning.
TpTrace Information: 0 : 6632, 1, 2024/05/02, 21:11:54.799, 4828017192544, vstest.console.dll, AssemblyResolver.OnResolve: Microsoft.Bcl.AsyncInterfaces: Searching in: 'C:\Program Files\dotnet\sdk\8.0.204'.
TpTrace Information: 0 : 6632, 1, 2024/05/02, 21:11:54.799, 4828017192821, vstest.console.dll, AssemblyResolver.OnResolve: Microsoft.Bcl.AsyncInterfaces: Assembly path does not exist: 'C:\Program Files\dotnet\sdk\8.0.204\Microsoft.Bcl.AsyncInterfaces.dll', returning.
TpTrace Information: 0 : 6632, 1, 2024/05/02, 21:11:54.799, 4828017193024, vstest.console.dll, AssemblyResolver.OnResolve: Microsoft.Bcl.AsyncInterfaces: Assembly path does not exist: 'C:\Program Files\dotnet\sdk\8.0.204\Microsoft.Bcl.AsyncInterfaces.exe', returning.
TpTrace Information: 0 : 6632, 1, 2024/05/02, 21:11:54.799, 4828017193129, vstest.console.dll, AssemblyResolver.OnResolve: Microsoft.Bcl.AsyncInterfaces: Failed to load assembly.
TpTrace Verbose: 0 : 6632, 1, 2024/05/02, 21:11:54.799, 4828017193315, vstest.console.dll, CurrentDomainAssemblyResolve: Resolving assembly 'Microsoft.Bcl.AsyncInterfaces'.
TpTrace Information: 0 : 6632, 1, 2024/05/02, 21:11:54.799, 4828017193609, vstest.console.dll, AssemblyResolver.OnResolve: Microsoft.Bcl.AsyncInterfaces: Resolving assembly.
TpTrace Information: 0 : 6632, 1, 2024/05/02, 21:11:54.799, 4828017193760, vstest.console.dll, AssemblyResolver.OnResolve: Microsoft.Bcl.AsyncInterfaces: Resolved from cache.
TpTrace Verbose: 0 : 6632, 1, 2024/05/02, 21:11:54.799, 4828017193864, vstest.console.dll, CurrentDomainAssemblyResolve: Resolving assembly 'Microsoft.Bcl.AsyncInterfaces'.
TpTrace Verbose: 0 : 6632, 1, 2024/05/02, 21:11:54.799, 4828017194006, vstest.console.dll, CurrentDomainAssemblyResolve: Failed to resolve assembly 'Microsoft.Bcl.AsyncInterfaces'.
TpTrace Verbose: 0 : 6632, 1, 2024/05/02, 21:11:54.800, 4828017199047, vstest.console.dll, CurrentDomainAssemblyResolve: Failed to resolve assembly 'Microsoft.Bcl.AsyncInterfaces'.
TpTrace Warning: 0 : 6632, 1, 2024/05/02, 21:11:54.806, 4828017264255, vstest.console.dll, TestPluginDiscoverer: Failed to get types from assembly 'Microsoft.Diagnostics.NETCore.Client, Version=0.2.9.2401, Culture=neutral, PublicKeyToken=31bf3856ad364e35'. Error: System.Reflection.ReflectionTypeLoadException: Unable to load one or more of the requested types.
Could not load file or assembly 'Microsoft.Bcl.AsyncInterfaces, Version=6.0.0.0, Culture=neutral, PublicKeyToken=cc7b13ffcd2ddd51'. O sistema não pode encontrar o arquivo especificado.
   at System.Reflection.RuntimeModule.GetTypes(RuntimeModule module)
   at System.Reflection.RuntimeModule.GetTypes()
   at Microsoft.VisualStudio.TestPlatform.Common.ExtensionFramework.TestPluginDiscoverer.GetTestExtensionsFromAssembly[TPluginInfo,TExtension](Assembly assembly, Dictionary`2 pluginInfos, String filePath) in /_/src/Microsoft.TestPlatform.Common/ExtensionFramework/TestPluginDiscoverer.cs:line 158
System.IO.FileNotFoundException: Could not load file or assembly 'Microsoft.Bcl.AsyncInterfaces, Version=6.0.0.0, Culture=neutral, PublicKeyToken=cc7b13ffcd2ddd51'. O sistema não pode encontrar o arquivo especificado.
File name: 'Microsoft.Bcl.AsyncInterfaces, Version=6.0.0.0, Culture=neutral, PublicKeyToken=cc7b13ffcd2ddd51'
 ---> System.IO.FileNotFoundException: Could not load file or assembly 'Microsoft.Bcl.AsyncInterfaces, Culture=neutral, PublicKeyToken=null'. O sistema não pode encontrar o arquivo especificado.
File name: 'Microsoft.Bcl.AsyncInterfaces, Culture=neutral, PublicKeyToken=null'
   at System.Reflection.RuntimeAssembly.InternalLoad(AssemblyName assemblyName, StackCrawlMark& stackMark, AssemblyLoadContext assemblyLoadContext, RuntimeAssembly requestingAssembly, Boolean throwOnFileNotFound)
   at System.Reflection.Assembly.Load(AssemblyName assemblyRef)
   at Microsoft.VisualStudio.TestPlatform.Common.ExtensionFramework.TestPluginCache.CurrentDomainAssemblyResolve(Object sender, AssemblyResolveEventArgs args) in /_/src/Microsoft.TestPlatform.Common/ExtensionFramework/TestPluginCache.cs:line 513
   at System.Runtime.Loader.AssemblyLoadContext.GetFirstResolvedAssemblyFromResolvingEvent(AssemblyName assemblyName)
   at System.Runtime.Loader.AssemblyLoadContext.ResolveUsingEvent(AssemblyName assemblyName)
   at System.Runtime.Loader.AssemblyLoadContext.ResolveUsingResolvingEvent(IntPtr gchManagedAssemblyLoadContext, AssemblyName assemblyName)
TpTrace Warning: 0 : 6632, 1, 2024/05/02, 21:11:54.807, 4828017266344, vstest.console.dll, LoaderExceptions: System.IO.FileNotFoundException: Could not load file or assembly 'Microsoft.Bcl.AsyncInterfaces, Version=6.0.0.0, Culture=neutral, PublicKeyToken=cc7b13ffcd2ddd51'. O sistema não pode encontrar o arquivo especificado.
File name: 'Microsoft.Bcl.AsyncInterfaces, Version=6.0.0.0, Culture=neutral, PublicKeyToken=cc7b13ffcd2ddd51'
 ---> System.IO.FileNotFoundException: Could not load file or assembly 'Microsoft.Bcl.AsyncInterfaces, Culture=neutral, PublicKeyToken=null'. O sistema não pode encontrar o arquivo especificado.
File name: 'Microsoft.Bcl.AsyncInterfaces, Culture=neutral, PublicKeyToken=null'
   at System.Reflection.RuntimeAssembly.InternalLoad(AssemblyName assemblyName, StackCrawlMark& stackMark, AssemblyLoadContext assemblyLoadContext, RuntimeAssembly requestingAssembly, Boolean throwOnFileNotFound)
   at System.Reflection.Assembly.Load(AssemblyName assemblyRef)
   at Microsoft.VisualStudio.TestPlatform.Common.ExtensionFramework.TestPluginCache.CurrentDomainAssemblyResolve(Object sender, AssemblyResolveEventArgs args) in /_/src/Microsoft.TestPlatform.Common/ExtensionFramework/TestPluginCache.cs:line 513
   at System.Runtime.Loader.AssemblyLoadContext.GetFirstResolvedAssemblyFromResolvingEvent(AssemblyName assemblyName)
   at System.Runtime.Loader.AssemblyLoadContext.ResolveUsingEvent(AssemblyName assemblyName)
   at System.Runtime.Loader.AssemblyLoadContext.ResolveUsingResolvingEvent(IntPtr gchManagedAssemblyLoadContext, AssemblyName assemblyName)
TpTrace Information: 0 : 6632, 1, 2024/05/02, 21:11:54.807, 4828017267148, vstest.console.dll, AssemblyResolver.OnResolve: Microsoft.TestPlatform.Extensions.BlameDataCollector: Resolving assembly.
TpTrace Information: 0 : 6632, 1, 2024/05/02, 21:11:54.807, 4828017267437, vstest.console.dll, AssemblyResolver.OnResolve: Microsoft.TestPlatform.Extensions.BlameDataCollector: Searching in: 'C:\Program Files\dotnet\sdk\8.0.204\Extensions'.
TpTrace Information: 0 : 6632, 1, 2024/05/02, 21:11:54.807, 4828017270683, vstest.console.dll, AssemblyResolver.OnResolve: Microsoft.TestPlatform.Extensions.BlameDataCollector: Loading assembly 'C:\Program Files\dotnet\sdk\8.0.204\Extensions\Microsoft.TestPlatform.Extensions.BlameDataCollector.dll'.
TpTrace Information: 0 : 6632, 1, 2024/05/02, 21:11:54.807, 4828017273940, vstest.console.dll, AssemblyResolver.OnResolve: Resolved assembly: Microsoft.TestPlatform.Extensions.BlameDataCollector, from path: C:\Program Files\dotnet\sdk\8.0.204\Extensions\Microsoft.TestPlatform.Extensions.BlameDataCollector.dll
TpTrace Verbose: 0 : 6632, 1, 2024/05/02, 21:11:54.807, 4828017274456, vstest.console.dll, MetadataReaderExtensionsHelper: Discovering extensions inside assembly 'Microsoft.TestPlatform.Extensions.BlameDataCollector, Version=15.0.0.0, Culture=neutral, PublicKeyToken=b03f5f7f11d50a3a' file path 'C:\Program Files\dotnet\sdk\8.0.204\Extensions\Microsoft.TestPlatform.Extensions.BlameDataCollector.dll'
TpTrace Information: 0 : 6632, 1, 2024/05/02, 21:11:54.808, 4828017283236, vstest.console.dll, AssemblyResolver.OnResolve: Microsoft.TestPlatform.Extensions.EventLogCollector: Resolving assembly.
TpTrace Information: 0 : 6632, 1, 2024/05/02, 21:11:54.808, 4828017283684, vstest.console.dll, AssemblyResolver.OnResolve: Microsoft.TestPlatform.Extensions.EventLogCollector: Searching in: 'C:\Program Files\dotnet\sdk\8.0.204\Extensions'.
TpTrace Information: 0 : 6632, 1, 2024/05/02, 21:11:54.809, 4828017286567, vstest.console.dll, AssemblyResolver.OnResolve: Microsoft.TestPlatform.Extensions.EventLogCollector: Loading assembly 'C:\Program Files\dotnet\sdk\8.0.204\Extensions\Microsoft.TestPlatform.Extensions.EventLogCollector.dll'.
TpTrace Information: 0 : 6632, 1, 2024/05/02, 21:11:54.809, 4828017289371, vstest.console.dll, AssemblyResolver.OnResolve: Resolved assembly: Microsoft.TestPlatform.Extensions.EventLogCollector, from path: C:\Program Files\dotnet\sdk\8.0.204\Extensions\Microsoft.TestPlatform.Extensions.EventLogCollector.dll
TpTrace Verbose: 0 : 6632, 1, 2024/05/02, 21:11:54.809, 4828017289761, vstest.console.dll, MetadataReaderExtensionsHelper: Discovering extensions inside assembly 'Microsoft.TestPlatform.Extensions.EventLogCollector, Version=15.0.0.0, Culture=neutral, PublicKeyToken=b03f5f7f11d50a3a' file path 'C:\Program Files\dotnet\sdk\8.0.204\Extensions\Microsoft.TestPlatform.Extensions.EventLogCollector.dll'
TpTrace Information: 0 : 6632, 1, 2024/05/02, 21:11:54.811, 4828017306047, vstest.console.dll, AssemblyResolver.OnResolve: Microsoft.TestPlatform.TestHostRuntimeProvider: Resolving assembly.
TpTrace Information: 0 : 6632, 1, 2024/05/02, 21:11:54.811, 4828017306508, vstest.console.dll, AssemblyResolver.OnResolve: Microsoft.TestPlatform.TestHostRuntimeProvider: Searching in: 'C:\Program Files\dotnet\sdk\8.0.204\Extensions'.
TpTrace Information: 0 : 6632, 1, 2024/05/02, 21:11:54.811, 4828017309238, vstest.console.dll, AssemblyResolver.OnResolve: Microsoft.TestPlatform.TestHostRuntimeProvider: Loading assembly 'C:\Program Files\dotnet\sdk\8.0.204\Extensions\Microsoft.TestPlatform.TestHostRuntimeProvider.dll'.
TpTrace Information: 0 : 6632, 1, 2024/05/02, 21:11:54.811, 4828017311866, vstest.console.dll, AssemblyResolver.OnResolve: Resolved assembly: Microsoft.TestPlatform.TestHostRuntimeProvider, from path: C:\Program Files\dotnet\sdk\8.0.204\Extensions\Microsoft.TestPlatform.TestHostRuntimeProvider.dll
TpTrace Verbose: 0 : 6632, 1, 2024/05/02, 21:11:54.811, 4828017312262, vstest.console.dll, MetadataReaderExtensionsHelper: Discovering extensions inside assembly 'Microsoft.TestPlatform.TestHostRuntimeProvider, Version=15.0.0.0, Culture=neutral, PublicKeyToken=b03f5f7f11d50a3a' file path 'C:\Program Files\dotnet\sdk\8.0.204\Extensions\Microsoft.TestPlatform.TestHostRuntimeProvider.dll'
TpTrace Information: 0 : 6632, 1, 2024/05/02, 21:11:54.812, 4828017320689, vstest.console.dll, GetTestExtensionFromType: Register extension with identifier data 'HostProvider://DefaultTestHost' and type 'Microsoft.VisualStudio.TestPlatform.CrossPlatEngine.Hosting.DefaultTestHostManager, Microsoft.TestPlatform.TestHostRuntimeProvider, Version=15.0.0.0, Culture=neutral, PublicKeyToken=b03f5f7f11d50a3a' inside file 'C:\Program Files\dotnet\sdk\8.0.204\Extensions\Microsoft.TestPlatform.TestHostRuntimeProvider.dll'
TpTrace Information: 0 : 6632, 1, 2024/05/02, 21:11:54.812, 4828017322260, vstest.console.dll, GetTestExtensionFromType: Register extension with identifier data 'HostProvider://DotnetTestHost' and type 'Microsoft.VisualStudio.TestPlatform.CrossPlatEngine.Hosting.DotnetTestHostManager, Microsoft.TestPlatform.TestHostRuntimeProvider, Version=15.0.0.0, Culture=neutral, PublicKeyToken=b03f5f7f11d50a3a' inside file 'C:\Program Files\dotnet\sdk\8.0.204\Extensions\Microsoft.TestPlatform.TestHostRuntimeProvider.dll'
TpTrace Information: 0 : 6632, 1, 2024/05/02, 21:11:54.812, 4828017322708, vstest.console.dll, AssemblyResolver.OnResolve: Microsoft.VisualStudio.TestPlatform.Extensions.Html.TestLogger: Resolving assembly.
TpTrace Information: 0 : 6632, 1, 2024/05/02, 21:11:54.812, 4828017323045, vstest.console.dll, AssemblyResolver.OnResolve: Microsoft.VisualStudio.TestPlatform.Extensions.Html.TestLogger: Searching in: 'C:\Program Files\dotnet\sdk\8.0.204\Extensions'.
TpTrace Information: 0 : 6632, 1, 2024/05/02, 21:11:54.812, 4828017325546, vstest.console.dll, AssemblyResolver.OnResolve: Microsoft.VisualStudio.TestPlatform.Extensions.Html.TestLogger: Loading assembly 'C:\Program Files\dotnet\sdk\8.0.204\Extensions\Microsoft.VisualStudio.TestPlatform.Extensions.Html.TestLogger.dll'.
TpTrace Information: 0 : 6632, 1, 2024/05/02, 21:11:54.813, 4828017328443, vstest.console.dll, AssemblyResolver.OnResolve: Resolved assembly: Microsoft.VisualStudio.TestPlatform.Extensions.Html.TestLogger, from path: C:\Program Files\dotnet\sdk\8.0.204\Extensions\Microsoft.VisualStudio.TestPlatform.Extensions.Html.TestLogger.dll
TpTrace Verbose: 0 : 6632, 1, 2024/05/02, 21:11:54.813, 4828017328892, vstest.console.dll, MetadataReaderExtensionsHelper: Discovering extensions inside assembly 'Microsoft.VisualStudio.TestPlatform.Extensions.Html.TestLogger, Version=15.0.0.0, Culture=neutral, PublicKeyToken=b03f5f7f11d50a3a' file path 'C:\Program Files\dotnet\sdk\8.0.204\Extensions\Microsoft.VisualStudio.TestPlatform.Extensions.Html.TestLogger.dll'
TpTrace Information: 0 : 6632, 1, 2024/05/02, 21:11:54.813, 4828017333932, vstest.console.dll, AssemblyResolver.OnResolve: Microsoft.VisualStudio.TestPlatform.Extensions.Trx.TestLogger: Resolving assembly.
TpTrace Information: 0 : 6632, 1, 2024/05/02, 21:11:54.813, 4828017334366, vstest.console.dll, AssemblyResolver.OnResolve: Microsoft.VisualStudio.TestPlatform.Extensions.Trx.TestLogger: Searching in: 'C:\Program Files\dotnet\sdk\8.0.204\Extensions'.
TpTrace Information: 0 : 6632, 1, 2024/05/02, 21:11:54.814, 4828017336616, vstest.console.dll, AssemblyResolver.OnResolve: Microsoft.VisualStudio.TestPlatform.Extensions.Trx.TestLogger: Loading assembly 'C:\Program Files\dotnet\sdk\8.0.204\Extensions\Microsoft.VisualStudio.TestPlatform.Extensions.Trx.TestLogger.dll'.
TpTrace Information: 0 : 6632, 1, 2024/05/02, 21:11:54.814, 4828017339654, vstest.console.dll, AssemblyResolver.OnResolve: Resolved assembly: Microsoft.VisualStudio.TestPlatform.Extensions.Trx.TestLogger, from path: C:\Program Files\dotnet\sdk\8.0.204\Extensions\Microsoft.VisualStudio.TestPlatform.Extensions.Trx.TestLogger.dll
TpTrace Verbose: 0 : 6632, 1, 2024/05/02, 21:11:54.814, 4828017340071, vstest.console.dll, MetadataReaderExtensionsHelper: Discovering extensions inside assembly 'Microsoft.VisualStudio.TestPlatform.Extensions.Trx.TestLogger, Version=15.0.0.0, Culture=neutral, PublicKeyToken=b03f5f7f11d50a3a' file path 'C:\Program Files\dotnet\sdk\8.0.204\Extensions\Microsoft.VisualStudio.TestPlatform.Extensions.Trx.TestLogger.dll'
TpTrace Verbose: 0 : 6632, 1, 2024/05/02, 21:11:54.815, 4828017346476, vstest.console.dll, TestPluginCache: Discovered the extensions using extension path ''.
TpTrace Verbose: 0 : 6632, 1, 2024/05/02, 21:11:54.815, 4828017347270, vstest.console.dll, TestPluginCache: Discoverers are ''.
TpTrace Verbose: 0 : 6632, 1, 2024/05/02, 21:11:54.815, 4828017347419, vstest.console.dll, TestPluginCache: Executors are ''.
TpTrace Verbose: 0 : 6632, 1, 2024/05/02, 21:11:54.815, 4828017347524, vstest.console.dll, TestPluginCache: Executors2 are ''.
TpTrace Verbose: 0 : 6632, 1, 2024/05/02, 21:11:54.815, 4828017347622, vstest.console.dll, TestPluginCache: Setting providers are ''.
TpTrace Verbose: 0 : 6632, 1, 2024/05/02, 21:11:54.815, 4828017347721, vstest.console.dll, TestPluginCache: Loggers are ''.
TpTrace Verbose: 0 : 6632, 1, 2024/05/02, 21:11:54.815, 4828017348838, vstest.console.dll, TestPluginCache: TestHosts are 'HostProvider://DefaultTestHost,HostProvider://DotnetTestHost'.
TpTrace Verbose: 0 : 6632, 1, 2024/05/02, 21:11:54.815, 4828017348987, vstest.console.dll, TestPluginCache: DataCollectors are ''.
TpTrace Information: 0 : 6632, 1, 2024/05/02, 21:11:54.823, 4828017426011, vstest.console.dll, RunTestsArgumentProcessor:Execute: Test run is starting.
TpTrace Verbose: 0 : 6632, 1, 2024/05/02, 21:11:54.823, 4828017426666, vstest.console.dll, RunTestsArgumentProcessor:Execute: Queuing Test run.
TpTrace Information: 0 : 6632, 1, 2024/05/02, 21:11:54.823, 4828017428141, vstest.console.dll, TestRequestManager.RunTests: run tests started.
TpTrace Information: 0 : 6632, 1, 2024/05/02, 21:11:54.824, 4828017436511, vstest.console.dll, AssemblyMetadataProvider.GetFrameworkName: Determined framework:'.NETCoreApp,Version=v6.0' for source: 'C:\Temp\source\MyApplication\MyApplication.Test\bin\Debug\net6.0\fine-code-coverage\build-output\MyApplication.Test.dll'
TpTrace Information: 0 : 6632, 1, 2024/05/02, 21:11:54.824, 4828017437733, vstest.console.dll, Determined framework for all sources: .NETCoreApp,Version=v6.0
TpTrace Verbose: 0 : 6632, 1, 2024/05/02, 21:11:54.824, 4828017439817, vstest.console.dll, TestRequestManager.UpdateRunSettingsIfRequired: Default architecture: X64 IsDefaultTargetArchitecture: True, Current process architecture: X64 OperatingSystem: Windows.
TpTrace Information: 0 : 6632, 1, 2024/05/02, 21:11:54.825, 4828017451284, vstest.console.dll, AssemblyMetadataProvider.GetArchitecture: Determined architecture:AnyCPU info for assembly: C:\Temp\source\MyApplication\MyApplication.Test\bin\Debug\net6.0\fine-code-coverage\build-output\MyApplication.Test.dll
TpTrace Information: 0 : 6632, 1, 2024/05/02, 21:11:54.825, 4828017451694, vstest.console.dll, Determined platform for source 'C:\Temp\source\MyApplication\MyApplication.Test\bin\Debug\net6.0\fine-code-coverage\build-output\MyApplication.Test.dll' was AnyCPU and it will use the default plaform X64.
TpTrace Information: 0 : 6632, 1, 2024/05/02, 21:11:54.825, 4828017451828, vstest.console.dll, None of the sources provided any runnable platform, using the default platform: X64
TpTrace Information: 0 : 6632, 1, 2024/05/02, 21:11:54.825, 4828017452357, vstest.console.dll, Platform was updated to 'X64'.
TpTrace Information: 0 : 6632, 1, 2024/05/02, 21:11:54.827, 4828017471991, vstest.console.dll, InferRunSettingsHelper.IsTestSettingsEnabled: Unable to navigate to RunSettings/MSTest. Current node: RunSettings
TpTrace Information: 0 : 6632, 1, 2024/05/02, 21:11:54.828, 4828017475888, vstest.console.dll, AssemblyResolver.OnResolve: Microsoft.VisualStudio.TestPlatform.Fakes: Resolving assembly.
TpTrace Information: 0 : 6632, 1, 2024/05/02, 21:11:54.828, 4828017476406, vstest.console.dll, AssemblyResolver.OnResolve: Microsoft.VisualStudio.TestPlatform.Fakes: Searching in: 'C:\Program Files\dotnet\sdk\8.0.204\Extensions'.
TpTrace Information: 0 : 6632, 1, 2024/05/02, 21:11:54.828, 4828017476901, vstest.console.dll, AssemblyResolver.OnResolve: Microsoft.VisualStudio.TestPlatform.Fakes: Assembly path does not exist: 'C:\Program Files\dotnet\sdk\8.0.204\Extensions\Microsoft.VisualStudio.TestPlatform.Fakes.dll', returning.
TpTrace Information: 0 : 6632, 1, 2024/05/02, 21:11:54.828, 4828017477145, vstest.console.dll, AssemblyResolver.OnResolve: Microsoft.VisualStudio.TestPlatform.Fakes: Assembly path does not exist: 'C:\Program Files\dotnet\sdk\8.0.204\Extensions\Microsoft.VisualStudio.TestPlatform.Fakes.exe', returning.
TpTrace Information: 0 : 6632, 1, 2024/05/02, 21:11:54.828, 4828017477256, vstest.console.dll, AssemblyResolver.OnResolve: Microsoft.VisualStudio.TestPlatform.Fakes: Searching in: 'C:\Program Files\dotnet\sdk\8.0.204'.
TpTrace Information: 0 : 6632, 1, 2024/05/02, 21:11:54.828, 4828017477554, vstest.console.dll, AssemblyResolver.OnResolve: Microsoft.VisualStudio.TestPlatform.Fakes: Assembly path does not exist: 'C:\Program Files\dotnet\sdk\8.0.204\Microsoft.VisualStudio.TestPlatform.Fakes.dll', returning.
TpTrace Information: 0 : 6632, 1, 2024/05/02, 21:11:54.828, 4828017477754, vstest.console.dll, AssemblyResolver.OnResolve: Microsoft.VisualStudio.TestPlatform.Fakes: Assembly path does not exist: 'C:\Program Files\dotnet\sdk\8.0.204\Microsoft.VisualStudio.TestPlatform.Fakes.exe', returning.
TpTrace Information: 0 : 6632, 1, 2024/05/02, 21:11:54.828, 4828017477860, vstest.console.dll, AssemblyResolver.OnResolve: Microsoft.VisualStudio.TestPlatform.Fakes: Failed to load assembly.
TpTrace Information: 0 : 6632, 1, 2024/05/02, 21:11:54.828, 4828017479488, vstest.console.dll, Failed to load assembly Microsoft.VisualStudio.TestPlatform.Fakes, Version=17.0.0.0, Culture=neutral. Reason:System.IO.FileNotFoundException: Could not load file or assembly 'Microsoft.VisualStudio.TestPlatform.Fakes, Version=17.0.0.0, Culture=neutral, PublicKeyToken=null'. O sistema não pode encontrar o arquivo especificado.
File name: 'Microsoft.VisualStudio.TestPlatform.Fakes, Version=17.0.0.0, Culture=neutral, PublicKeyToken=null'
   at System.Reflection.RuntimeAssembly.InternalLoad(AssemblyName assemblyName, StackCrawlMark& stackMark, AssemblyLoadContext assemblyLoadContext, RuntimeAssembly requestingAssembly, Boolean throwOnFileNotFound)
   at System.Reflection.Assembly.Load(AssemblyName assemblyRef)
   at Microsoft.VisualStudio.TestPlatform.Common.Utilities.FakesUtilities.LoadTestPlatformAssembly() in /_/src/Microsoft.TestPlatform.Common/Utilities/FakesUtilities.cs:line 272
TpTrace Verbose: 0 : 6632, 1, 2024/05/02, 21:11:54.830, 4828017498511, vstest.console.dll, TestPluginCache.DiscoverTestExtensions: finding test extensions in assemblies ends with: TestLogger.dll TPluginInfo: Microsoft.VisualStudio.TestPlatform.Common.ExtensionFramework.Utilities.TestLoggerPluginInformation TExtension: Microsoft.VisualStudio.TestPlatform.ObjectModel.Client.ITestLogger
TpTrace Verbose: 0 : 6632, 1, 2024/05/02, 21:11:54.830, 4828017499040, vstest.console.dll, TestPluginCache.GetExtensionPaths: Filtered extension paths: 
TpTrace Verbose: 0 : 6632, 1, 2024/05/02, 21:11:54.830, 4828017499210, vstest.console.dll, TestPluginCache.GetExtensionPaths: Added default extension paths: C:\Program Files\dotnet\sdk\8.0.204\Extensions\Microsoft.Diagnostics.NETCore.Client.dll
C:\Program Files\dotnet\sdk\8.0.204\Extensions\Microsoft.TestPlatform.Extensions.BlameDataCollector.dll
C:\Program Files\dotnet\sdk\8.0.204\Extensions\Microsoft.TestPlatform.Extensions.EventLogCollector.dll
C:\Program Files\dotnet\sdk\8.0.204\Extensions\Microsoft.TestPlatform.TestHostRuntimeProvider.dll
C:\Program Files\dotnet\sdk\8.0.204\Extensions\Microsoft.VisualStudio.TestPlatform.Extensions.Html.TestLogger.dll
C:\Program Files\dotnet\sdk\8.0.204\Extensions\Microsoft.VisualStudio.TestPlatform.Extensions.Trx.TestLogger.dll
TpTrace Verbose: 0 : 6632, 1, 2024/05/02, 21:11:54.830, 4828017499332, vstest.console.dll, TestPluginCache.GetExtensionPaths: Added unfilterableExtensionPaths: 
TpTrace Information: 0 : 6632, 1, 2024/05/02, 21:11:54.830, 4828017499995, vstest.console.dll, AssemblyResolver.AddSearchDirectories: Adding more searchDirectories C:\Program Files\dotnet\sdk\8.0.204\Extensions,C:\Program Files\dotnet\sdk\8.0.204
TpTrace Verbose: 0 : 6632, 1, 2024/05/02, 21:11:54.830, 4828017500179, vstest.console.dll, TestPluginCache.DiscoverTestExtensions: Discovering the extensions using extension path.
TpTrace Verbose: 0 : 6632, 1, 2024/05/02, 21:11:54.830, 4828017500323, vstest.console.dll, TestPluginCache.GetExtensionPaths: Filtered extension paths: 
TpTrace Verbose: 0 : 6632, 1, 2024/05/02, 21:11:54.830, 4828017500454, vstest.console.dll, TestPluginCache.GetExtensionPaths: Added default extension paths: C:\Program Files\dotnet\sdk\8.0.204\Extensions\Microsoft.Diagnostics.NETCore.Client.dll
C:\Program Files\dotnet\sdk\8.0.204\Extensions\Microsoft.TestPlatform.Extensions.BlameDataCollector.dll
C:\Program Files\dotnet\sdk\8.0.204\Extensions\Microsoft.TestPlatform.Extensions.EventLogCollector.dll
C:\Program Files\dotnet\sdk\8.0.204\Extensions\Microsoft.TestPlatform.TestHostRuntimeProvider.dll
C:\Program Files\dotnet\sdk\8.0.204\Extensions\Microsoft.VisualStudio.TestPlatform.Extensions.Html.TestLogger.dll
C:\Program Files\dotnet\sdk\8.0.204\Extensions\Microsoft.VisualStudio.TestPlatform.Extensions.Trx.TestLogger.dll
TpTrace Verbose: 0 : 6632, 1, 2024/05/02, 21:11:54.830, 4828017500567, vstest.console.dll, TestPluginCache.GetExtensionPaths: Added unfilterableExtensionPaths: 
TpTrace Verbose: 0 : 6632, 1, 2024/05/02, 21:11:54.830, 4828017500706, vstest.console.dll, TestPluginCache.DiscoverTestExtensions: Discovering the extensions using allExtensionPaths: C:\Program Files\dotnet\sdk\8.0.204\Extensions\Microsoft.Diagnostics.NETCore.Client.dll
C:\Program Files\dotnet\sdk\8.0.204\Extensions\Microsoft.TestPlatform.Extensions.BlameDataCollector.dll
C:\Program Files\dotnet\sdk\8.0.204\Extensions\Microsoft.TestPlatform.Extensions.EventLogCollector.dll
C:\Program Files\dotnet\sdk\8.0.204\Extensions\Microsoft.TestPlatform.TestHostRuntimeProvider.dll
C:\Program Files\dotnet\sdk\8.0.204\Extensions\Microsoft.VisualStudio.TestPlatform.Extensions.Html.TestLogger.dll
C:\Program Files\dotnet\sdk\8.0.204\Extensions\Microsoft.VisualStudio.TestPlatform.Extensions.Trx.TestLogger.dll
TpTrace Information: 0 : 6632, 1, 2024/05/02, 21:11:54.830, 4828017501229, vstest.console.dll, AssemblyResolver.AddSearchDirectories: Adding more searchDirectories C:\Program Files\dotnet\sdk\8.0.204\Extensions,C:\Program Files\dotnet\sdk\8.0.204
TpTrace Information: 0 : 6632, 1, 2024/05/02, 21:11:54.830, 4828017501396, vstest.console.dll, AssemblyResolver.AddSearchDirectories: Adding more searchDirectories C:\Program Files\dotnet\sdk\8.0.204\Extensions,C:\Program Files\dotnet\sdk\8.0.204
TpTrace Information: 0 : 6632, 1, 2024/05/02, 21:11:54.830, 4828017501512, vstest.console.dll, AssemblyResolver.AddSearchDirectories: Adding more searchDirectories C:\Program Files\dotnet\sdk\8.0.204\Extensions,C:\Program Files\dotnet\sdk\8.0.204
TpTrace Information: 0 : 6632, 1, 2024/05/02, 21:11:54.830, 4828017501623, vstest.console.dll, AssemblyResolver.AddSearchDirectories: Adding more searchDirectories C:\Program Files\dotnet\sdk\8.0.204\Extensions,C:\Program Files\dotnet\sdk\8.0.204
TpTrace Information: 0 : 6632, 1, 2024/05/02, 21:11:54.830, 4828017501736, vstest.console.dll, AssemblyResolver.AddSearchDirectories: Adding more searchDirectories C:\Program Files\dotnet\sdk\8.0.204\Extensions,C:\Program Files\dotnet\sdk\8.0.204
TpTrace Information: 0 : 6632, 1, 2024/05/02, 21:11:54.830, 4828017501870, vstest.console.dll, AssemblyResolver.AddSearchDirectories: Adding more searchDirectories C:\Program Files\dotnet\sdk\8.0.204\Extensions,C:\Program Files\dotnet\sdk\8.0.204
TpTrace Verbose: 0 : 6632, 1, 2024/05/02, 21:11:54.830, 4828017502423, vstest.console.dll, MetadataReaderExtensionsHelper: Discovering extensions inside assembly 'Microsoft.Diagnostics.NETCore.Client, Version=0.2.9.2401, Culture=neutral, PublicKeyToken=31bf3856ad364e35' file path 'C:\Program Files\dotnet\sdk\8.0.204\Extensions\Microsoft.Diagnostics.NETCore.Client.dll'
TpTrace Information: 0 : 6632, 1, 2024/05/02, 21:11:54.831, 4828017509119, vstest.console.dll, AssemblyResolver.OnResolve: Microsoft.Bcl.AsyncInterfaces: Resolving assembly.
TpTrace Information: 0 : 6632, 1, 2024/05/02, 21:11:54.831, 4828017509487, vstest.console.dll, AssemblyResolver.OnResolve: Microsoft.Bcl.AsyncInterfaces: Resolved from cache.
TpTrace Verbose: 0 : 6632, 1, 2024/05/02, 21:11:54.831, 4828017509620, vstest.console.dll, CurrentDomainAssemblyResolve: Resolving assembly 'Microsoft.Bcl.AsyncInterfaces'.
TpTrace Information: 0 : 6632, 1, 2024/05/02, 21:11:54.831, 4828017509851, vstest.console.dll, AssemblyResolver.OnResolve: Microsoft.Bcl.AsyncInterfaces: Resolving assembly.
TpTrace Information: 0 : 6632, 1, 2024/05/02, 21:11:54.831, 4828017509965, vstest.console.dll, AssemblyResolver.OnResolve: Microsoft.Bcl.AsyncInterfaces: Resolved from cache.
TpTrace Verbose: 0 : 6632, 1, 2024/05/02, 21:11:54.831, 4828017510069, vstest.console.dll, CurrentDomainAssemblyResolve: Resolving assembly 'Microsoft.Bcl.AsyncInterfaces'.
TpTrace Verbose: 0 : 6632, 1, 2024/05/02, 21:11:54.831, 4828017510173, vstest.console.dll, CurrentDomainAssemblyResolve: Failed to resolve assembly 'Microsoft.Bcl.AsyncInterfaces'.
TpTrace Verbose: 0 : 6632, 1, 2024/05/02, 21:11:54.831, 4828017510937, vstest.console.dll, CurrentDomainAssemblyResolve: Failed to resolve assembly 'Microsoft.Bcl.AsyncInterfaces'.
TpTrace Warning: 0 : 6632, 1, 2024/05/02, 21:11:54.831, 4828017512839, vstest.console.dll, TestPluginDiscoverer: Failed to get types from assembly 'Microsoft.Diagnostics.NETCore.Client, Version=0.2.9.2401, Culture=neutral, PublicKeyToken=31bf3856ad364e35'. Error: System.Reflection.ReflectionTypeLoadException: Unable to load one or more of the requested types.
Could not load file or assembly 'Microsoft.Bcl.AsyncInterfaces, Version=6.0.0.0, Culture=neutral, PublicKeyToken=cc7b13ffcd2ddd51'. O sistema não pode encontrar o arquivo especificado.
   at System.Reflection.RuntimeModule.GetTypes(RuntimeModule module)
   at System.Reflection.RuntimeModule.GetTypes()
   at Microsoft.VisualStudio.TestPlatform.Common.ExtensionFramework.TestPluginDiscoverer.GetTestExtensionsFromAssembly[TPluginInfo,TExtension](Assembly assembly, Dictionary`2 pluginInfos, String filePath) in /_/src/Microsoft.TestPlatform.Common/ExtensionFramework/TestPluginDiscoverer.cs:line 158
System.IO.FileNotFoundException: Could not load file or assembly 'Microsoft.Bcl.AsyncInterfaces, Version=6.0.0.0, Culture=neutral, PublicKeyToken=cc7b13ffcd2ddd51'. O sistema não pode encontrar o arquivo especificado.
File name: 'Microsoft.Bcl.AsyncInterfaces, Version=6.0.0.0, Culture=neutral, PublicKeyToken=cc7b13ffcd2ddd51'
 ---> System.IO.FileNotFoundException: Could not load file or assembly 'Microsoft.Bcl.AsyncInterfaces, Culture=neutral, PublicKeyToken=null'. O sistema não pode encontrar o arquivo especificado.
File name: 'Microsoft.Bcl.AsyncInterfaces, Culture=neutral, PublicKeyToken=null'
   at System.Reflection.RuntimeAssembly.InternalLoad(AssemblyName assemblyName, StackCrawlMark& stackMark, AssemblyLoadContext assemblyLoadContext, RuntimeAssembly requestingAssembly, Boolean throwOnFileNotFound)
   at System.Reflection.Assembly.Load(AssemblyName assemblyRef)
   at Microsoft.VisualStudio.TestPlatform.Common.ExtensionFramework.TestPluginCache.CurrentDomainAssemblyResolve(Object sender, AssemblyResolveEventArgs args) in /_/src/Microsoft.TestPlatform.Common/ExtensionFramework/TestPluginCache.cs:line 513
   at System.Runtime.Loader.AssemblyLoadContext.GetFirstResolvedAssemblyFromResolvingEvent(AssemblyName assemblyName)
   at System.Runtime.Loader.AssemblyLoadContext.ResolveUsingEvent(AssemblyName assemblyName)
   at System.Runtime.Loader.AssemblyLoadContext.ResolveUsingResolvingEvent(IntPtr gchManagedAssemblyLoadContext, AssemblyName assemblyName)
TpTrace Warning: 0 : 6632, 1, 2024/05/02, 21:11:54.831, 4828017513610, vstest.console.dll, LoaderExceptions: System.IO.FileNotFoundException: Could not load file or assembly 'Microsoft.Bcl.AsyncInterfaces, Version=6.0.0.0, Culture=neutral, PublicKeyToken=cc7b13ffcd2ddd51'. O sistema não pode encontrar o arquivo especificado.
File name: 'Microsoft.Bcl.AsyncInterfaces, Version=6.0.0.0, Culture=neutral, PublicKeyToken=cc7b13ffcd2ddd51'
 ---> System.IO.FileNotFoundException: Could not load file or assembly 'Microsoft.Bcl.AsyncInterfaces, Culture=neutral, PublicKeyToken=null'. O sistema não pode encontrar o arquivo especificado.
File name: 'Microsoft.Bcl.AsyncInterfaces, Culture=neutral, PublicKeyToken=null'
   at System.Reflection.RuntimeAssembly.InternalLoad(AssemblyName assemblyName, StackCrawlMark& stackMark, AssemblyLoadContext assemblyLoadContext, RuntimeAssembly requestingAssembly, Boolean throwOnFileNotFound)
   at System.Reflection.Assembly.Load(AssemblyName assemblyRef)
   at Microsoft.VisualStudio.TestPlatform.Common.ExtensionFramework.TestPluginCache.CurrentDomainAssemblyResolve(Object sender, AssemblyResolveEventArgs args) in /_/src/Microsoft.TestPlatform.Common/ExtensionFramework/TestPluginCache.cs:line 513
   at System.Runtime.Loader.AssemblyLoadContext.GetFirstResolvedAssemblyFromResolvingEvent(AssemblyName assemblyName)
   at System.Runtime.Loader.AssemblyLoadContext.ResolveUsingEvent(AssemblyName assemblyName)
   at System.Runtime.Loader.AssemblyLoadContext.ResolveUsingResolvingEvent(IntPtr gchManagedAssemblyLoadContext, AssemblyName assemblyName)
TpTrace Verbose: 0 : 6632, 1, 2024/05/02, 21:11:54.831, 4828017514045, vstest.console.dll, MetadataReaderExtensionsHelper: Discovering extensions inside assembly 'Microsoft.TestPlatform.Extensions.BlameDataCollector, Version=15.0.0.0, Culture=neutral, PublicKeyToken=b03f5f7f11d50a3a' file path 'C:\Program Files\dotnet\sdk\8.0.204\Extensions\Microsoft.TestPlatform.Extensions.BlameDataCollector.dll'
TpTrace Information: 0 : 6632, 1, 2024/05/02, 21:11:54.832, 4828017517893, vstest.console.dll, GetTestExtensionFromType: Register extension with identifier data 'logger://Microsoft/TestPlatform/Extensions/Blame/v1' and type 'Microsoft.TestPlatform.Extensions.BlameDataCollector.BlameLogger, Microsoft.TestPlatform.Extensions.BlameDataCollector, Version=15.0.0.0, Culture=neutral, PublicKeyToken=b03f5f7f11d50a3a' inside file 'C:\Program Files\dotnet\sdk\8.0.204\Extensions\Microsoft.TestPlatform.Extensions.BlameDataCollector.dll'
TpTrace Verbose: 0 : 6632, 1, 2024/05/02, 21:11:54.832, 4828017518316, vstest.console.dll, MetadataReaderExtensionsHelper: Discovering extensions inside assembly 'Microsoft.TestPlatform.Extensions.EventLogCollector, Version=15.0.0.0, Culture=neutral, PublicKeyToken=b03f5f7f11d50a3a' file path 'C:\Program Files\dotnet\sdk\8.0.204\Extensions\Microsoft.TestPlatform.Extensions.EventLogCollector.dll'
TpTrace Verbose: 0 : 6632, 1, 2024/05/02, 21:11:54.832, 4828017521038, vstest.console.dll, MetadataReaderExtensionsHelper: Discovering extensions inside assembly 'Microsoft.TestPlatform.TestHostRuntimeProvider, Version=15.0.0.0, Culture=neutral, PublicKeyToken=b03f5f7f11d50a3a' file path 'C:\Program Files\dotnet\sdk\8.0.204\Extensions\Microsoft.TestPlatform.TestHostRuntimeProvider.dll'
TpTrace Verbose: 0 : 6632, 1, 2024/05/02, 21:11:54.832, 4828017523528, vstest.console.dll, MetadataReaderExtensionsHelper: Discovering extensions inside assembly 'Microsoft.VisualStudio.TestPlatform.Extensions.Html.TestLogger, Version=15.0.0.0, Culture=neutral, PublicKeyToken=b03f5f7f11d50a3a' file path 'C:\Program Files\dotnet\sdk\8.0.204\Extensions\Microsoft.VisualStudio.TestPlatform.Extensions.Html.TestLogger.dll'
TpTrace Information: 0 : 6632, 1, 2024/05/02, 21:11:54.833, 4828017527056, vstest.console.dll, GetTestExtensionFromType: Register extension with identifier data 'logger://Microsoft/TestPlatform/HtmlLogger/v1' and type 'Microsoft.VisualStudio.TestPlatform.Extensions.HtmlLogger.HtmlLogger, Microsoft.VisualStudio.TestPlatform.Extensions.Html.TestLogger, Version=15.0.0.0, Culture=neutral, PublicKeyToken=b03f5f7f11d50a3a' inside file 'C:\Program Files\dotnet\sdk\8.0.204\Extensions\Microsoft.VisualStudio.TestPlatform.Extensions.Html.TestLogger.dll'
TpTrace Verbose: 0 : 6632, 1, 2024/05/02, 21:11:54.833, 4828017527494, vstest.console.dll, MetadataReaderExtensionsHelper: Discovering extensions inside assembly 'Microsoft.VisualStudio.TestPlatform.Extensions.Trx.TestLogger, Version=15.0.0.0, Culture=neutral, PublicKeyToken=b03f5f7f11d50a3a' file path 'C:\Program Files\dotnet\sdk\8.0.204\Extensions\Microsoft.VisualStudio.TestPlatform.Extensions.Trx.TestLogger.dll'
TpTrace Information: 0 : 6632, 1, 2024/05/02, 21:11:54.833, 4828017530792, vstest.console.dll, GetTestExtensionFromType: Register extension with identifier data 'logger://Microsoft/TestPlatform/TrxLogger/v1' and type 'Microsoft.VisualStudio.TestPlatform.Extensions.TrxLogger.TrxLogger, Microsoft.VisualStudio.TestPlatform.Extensions.Trx.TestLogger, Version=15.0.0.0, Culture=neutral, PublicKeyToken=b03f5f7f11d50a3a' inside file 'C:\Program Files\dotnet\sdk\8.0.204\Extensions\Microsoft.VisualStudio.TestPlatform.Extensions.Trx.TestLogger.dll'
TpTrace Verbose: 0 : 6632, 1, 2024/05/02, 21:11:54.833, 4828017531259, vstest.console.dll, TestPluginCache: Discovered the extensions using extension path ''.
TpTrace Verbose: 0 : 6632, 1, 2024/05/02, 21:11:54.833, 4828017531424, vstest.console.dll, TestPluginCache: Discoverers are ''.
TpTrace Verbose: 0 : 6632, 1, 2024/05/02, 21:11:54.833, 4828017531529, vstest.console.dll, TestPluginCache: Executors are ''.
TpTrace Verbose: 0 : 6632, 1, 2024/05/02, 21:11:54.833, 4828017531628, vstest.console.dll, TestPluginCache: Executors2 are ''.
TpTrace Verbose: 0 : 6632, 1, 2024/05/02, 21:11:54.833, 4828017531727, vstest.console.dll, TestPluginCache: Setting providers are ''.
TpTrace Verbose: 0 : 6632, 1, 2024/05/02, 21:11:54.833, 4828017532035, vstest.console.dll, TestPluginCache: Loggers are 'logger://Microsoft/TestPlatform/Extensions/Blame/v1,logger://Microsoft/TestPlatform/HtmlLogger/v1,logger://Microsoft/TestPlatform/TrxLogger/v1'.
TpTrace Verbose: 0 : 6632, 1, 2024/05/02, 21:11:54.833, 4828017532358, vstest.console.dll, TestPluginCache: TestHosts are 'HostProvider://DefaultTestHost,HostProvider://DotnetTestHost'.
TpTrace Verbose: 0 : 6632, 1, 2024/05/02, 21:11:54.833, 4828017532512, vstest.console.dll, TestPluginCache: DataCollectors are ''.
TpTrace Information: 0 : 6632, 1, 2024/05/02, 21:11:54.834, 4828017537244, vstest.console.dll, TestPluginManager.CreateTestExtension: Attempting to load test extension: Microsoft.TestPlatform.Extensions.BlameDataCollector.BlameLogger
TpTrace Verbose: 0 : 6632, 1, 2024/05/02, 21:11:54.838, 4828017585370, vstest.console.dll, TestEngine: Initializing Parallel Execution as MaxCpuCount is set to: 1
TpTrace Information: 0 : 6632, 1, 2024/05/02, 21:11:54.839, 4828017594505, vstest.console.dll, TestPluginManager.CreateTestExtension: Attempting to load test extension: Microsoft.VisualStudio.TestPlatform.CrossPlatEngine.Hosting.DefaultTestHostManager
TpTrace Information: 0 : 6632, 1, 2024/05/02, 21:11:54.840, 4828017600821, vstest.console.dll, TestPluginManager.CreateTestExtension: Attempting to load test extension: Microsoft.VisualStudio.TestPlatform.CrossPlatEngine.Hosting.DotnetTestHostManager
TpTrace Information: 0 : 6632, 1, 2024/05/02, 21:11:54.840, 4828017603766, vstest.console.dll, InferRunSettingsHelper.IsTestSettingsEnabled: Unable to navigate to RunSettings/MSTest. Current node: RunSettings
TpTrace Verbose: 0 : 6632, 1, 2024/05/02, 21:11:54.841, 4828017606744, vstest.console.dll, ParallelOperationManager.ClearSlots: Clearing all slots. Slots should accept more work: True
TpTrace Verbose: 0 : 6632, 1, 2024/05/02, 21:11:54.841, 4828017610607, vstest.console.dll, ParallelOperationManager.SetOccupiedSlotCount: Setting slot counts AvailableSlotCount = 1, OccupiedSlotCount = 0.
TpTrace Verbose: 0 : 6632, 1, 2024/05/02, 21:11:54.841, 4828017612437, vstest.console.dll, Occupied slots:

TpTrace Verbose: 0 : 6632, 1, 2024/05/02, 21:11:54.843, 4828017631716, vstest.console.dll, TestEngine.GetExecutionManager: Chosen execution manager 'Microsoft.VisualStudio.TestPlatform.CrossPlatEngine.Client.Parallel.ParallelProxyExecutionManager, Microsoft.TestPlatform.CrossPlatEngine, Version=15.0.0.0, Culture=neutral, PublicKeyToken=b03f5f7f11d50a3a' ParallelLevel '1'.
TpTrace Verbose: 0 : 6632, 1, 2024/05/02, 21:11:54.843, 4828017632492, vstest.console.dll, TestRunRequest.ExecuteAsync: Creating test run request.
TpTrace Verbose: 0 : 6632, 1, 2024/05/02, 21:11:54.843, 4828017633665, vstest.console.dll, TestRunRequest.ExecuteAsync: Starting.
TpTrace Information: 0 : 6632, 1, 2024/05/02, 21:11:54.844, 4828017640242, vstest.console.dll, TestRunRequest.ExecuteAsync: Starting run with settings:TestRunCriteria:
   KeepAlive=False,FrequencyOfRunStatsChangeEvent=10,RunStatsChangeEventTimeout=00:00:01.5000000,TestCaseFilter=,TestExecutorLauncher=
   Settingsxml=<RunSettings>
  <RunConfiguration>
    <ResultsDirectory>C:\Temp\source\MyApplication\MyApplication.Test\bin\Debug\net6.0\fine-code-coverage\coverage-tool-output</ResultsDirectory>
    <TargetPlatform>X64</TargetPlatform>
    <TargetFrameworkVersion>.NETCoreApp,Version=v6.0</TargetFrameworkVersion>
    <DesignMode>False</DesignMode>
    <CollectSourceInformation>False</CollectSourceInformation>
  </RunConfiguration>
  <LoggerRunSettings>
    <Loggers>
      <Logger friendlyName="blame" enabled="True" />
      <Logger friendlyName="Console" uri="logger://microsoft/TestPlatform/ConsoleLogger/v1" assemblyQualifiedName="Microsoft.VisualStudio.TestPlatform.CommandLine.Internal.ConsoleLogger, vstest.console, Version=15.0.0.0, Culture=neutral, PublicKeyToken=b03f5f7f11d50a3a" codeBase="C:\Program Files\dotnet\sdk\8.0.204\vstest.console.dll" enabled="True" />
    </Loggers>
  </LoggerRunSettings>
  <DataCollectionRunSettings>
    <DataCollectors>
      <DataCollector friendlyName="blame" enabled="True">
        <Configuration>
          <ResultsDirectory>C:\Temp\source\MyApplication\MyApplication.Test\bin\Debug\net6.0\fine-code-coverage\coverage-tool-output</ResultsDirectory>
        </Configuration>
      </DataCollector>
    </DataCollectors>
  </DataCollectionRunSettings>
</RunSettings>

TpTrace Verbose: 0 : 6632, 1, 2024/05/02, 21:11:54.844, 4828017640643, vstest.console.dll, TestRunRequest.ExecuteAsync: Wait for the first run request is over.
TpTrace Verbose: 0 : 6632, 1, 2024/05/02, 21:11:54.844, 4828017643592, vstest.console.dll, MulticastDelegateUtilities.SafeInvoke: TestRun.TestRunStart: Invoking callbacks was skipped because there are no subscribers.
TpTrace Verbose: 0 : 6632, 4, 2024/05/02, 21:11:54.844, 4828017644623, vstest.console.dll, MulticastDelegateUtilities.SafeInvoke: InternalTestLoggerEvents.SendTestRunStart: Invoking callback 1/1 for Microsoft.VisualStudio.TestPlatform.CommandLine.Internal.ConsoleLogger., took 0 ms.
TpTrace Verbose: 0 : 6632, 1, 2024/05/02, 21:11:54.845, 4828017649868, vstest.console.dll, ParallelProxyExecutionManager: Start execution. Total sources: 1
TpTrace Verbose: 0 : 6632, 1, 2024/05/02, 21:11:54.845, 4828017651665, vstest.console.dll, ParallelOperationManager.StartWork: Starting adding 1 workloads.
TpTrace Verbose: 0 : 6632, 1, 2024/05/02, 21:11:54.845, 4828017651970, vstest.console.dll, ParallelOperationManager.ClearSlots: Clearing all slots. Slots should accept more work: True
TpTrace Verbose: 0 : 6632, 1, 2024/05/02, 21:11:54.845, 4828017652308, vstest.console.dll, ParallelOperationManager.SetOccupiedSlotCount: Setting slot counts AvailableSlotCount = 1, OccupiedSlotCount = 0.
TpTrace Verbose: 0 : 6632, 1, 2024/05/02, 21:11:54.845, 4828017652476, vstest.console.dll, Occupied slots:

TpTrace Verbose: 0 : 6632, 1, 2024/05/02, 21:11:54.846, 4828017659760, vstest.console.dll, TestRequestSender is acting as server.
TpTrace Verbose: 0 : 6632, 1, 2024/05/02, 21:11:54.846, 4828017665503, vstest.console.dll, ParallelOperationManager.RunWorkInParallel: Adding 1 workload to slot, remaining workloads 0.
TpTrace Verbose: 0 : 6632, 1, 2024/05/02, 21:11:54.846, 4828017665852, vstest.console.dll, ParallelOperationManager.SetOccupiedSlotCount: Setting slot counts AvailableSlotCount = 0, OccupiedSlotCount = 1.
TpTrace Verbose: 0 : 6632, 1, 2024/05/02, 21:11:54.847, 4828017666393, vstest.console.dll, Occupied slots:
0: C:\Temp\source\MyApplication\MyApplication.Test\bin\Debug\net6.0\fine-code-coverage\build-output\MyApplication.Test.dll
TpTrace Verbose: 0 : 6632, 1, 2024/05/02, 21:11:54.847, 4828017672274, vstest.console.dll, ParallelOperationManager.RunWorkInParallel: Started host in slot number 0 for work (source): C:\Temp\source\MyApplication\MyApplication.Test\bin\Debug\net6.0\fine-code-coverage\build-output\MyApplication.Test.dll.
TpTrace Verbose: 0 : 6632, 1, 2024/05/02, 21:11:54.848, 4828017678840, vstest.console.dll, ParallelOperationManager.RunWorkInParallel: We started 1 work items, which is the max parallel level. Won't start more work.
TpTrace Verbose: 0 : 6632, 1, 2024/05/02, 21:11:54.848, 4828017679407, vstest.console.dll, ParallelOperationManager.RunWorkInParallel: We started 1 work items in here, returning True.
TpTrace Information: 0 : 6632, 1, 2024/05/02, 21:11:54.848, 4828017679741, vstest.console.dll, TestRunRequest.ExecuteAsync: Started.
TpTrace Verbose: 0 : 6632, 5, 2024/05/02, 21:11:54.848, 4828017679922, vstest.console.dll, ParallelProxyExecutionManager.StartTestRunOnConcurrentManager: Initializing uninitialized client. Started clients: 0
TpTrace Verbose: 0 : 6632, 5, 2024/05/02, 21:11:54.848, 4828017681339, vstest.console.dll, DataCollectionRequestSender.InitializeCommunication : Initialize communication. 
TpTrace Verbose: 0 : 6632, 1, 2024/05/02, 21:11:54.848, 4828017683353, vstest.console.dll, TestRunRequest.WaitForCompletion: Waiting with timeout -1.
TpTrace Information: 0 : 6632, 5, 2024/05/02, 21:11:54.852, 4828017720287, vstest.console.dll, Listening on Endpoint : 127.0.0.1:61297
TpTrace Verbose: 0 : 6632, 5, 2024/05/02, 21:11:54.856, 4828017757703, vstest.console.dll, DotnetDataCollectionLauncher: Adding  --runtimeconfig "C:\Program Files\dotnet\sdk\8.0.204\datacollector.runtimeconfig.json" in args
TpTrace Verbose: 0 : 6632, 5, 2024/05/02, 21:11:54.856, 4828017758398, vstest.console.dll, DotnetDataCollectionLauncher: Adding  --depsfile "C:\Program Files\dotnet\sdk\8.0.204\datacollector.deps.json" in args
TpTrace Verbose: 0 : 6632, 5, 2024/05/02, 21:11:54.856, 4828017759227, vstest.console.dll, DotnetDataCollectionLauncher: Full path of dotnet.exe is C:\Program Files\dotnet\dotnet.exe
TpTrace Information: 0 : 6632, 5, 2024/05/02, 21:11:54.860, 4828017800448, vstest.console.dll, ProxyDataCollectionManager.Initialize: Launched datacollector processId: 3104 port: 61297
TpTrace Information: 0 : 6632, 5, 2024/05/02, 21:11:54.860, 4828017801521, vstest.console.dll, ProxyDataCollectionManager.Initialize: waiting for connection with timeout: 90 seconds
TpTrace Verbose: 0 : 6632, 5, 2024/05/02, 21:11:54.860, 4828017801779, vstest.console.dll, DataCollectionRequestSender.WaitForRequestHandlerConnection : Waiting for connection with timeout: 90000
TpTrace Information: 0 : 6632, 11, 2024/05/02, 21:11:54.951, 4828018709305, vstest.console.dll, Using the buffer size of 16384 bytes
TpTrace Information: 0 : 6632, 11, 2024/05/02, 21:11:54.951, 4828018710488, vstest.console.dll, Accepted Client request and set the flag
TpTrace Verbose: 0 : 6632, 5, 2024/05/02, 21:11:54.951, 4828018709722, vstest.console.dll, SocketCommunicationManager.WaitForClientConnection took: 90 ms, with 90000 ms timeout, and finished with True.
TpTrace Verbose: 0 : 6632, 5, 2024/05/02, 21:11:54.951, 4828018711704, vstest.console.dll, ProxyDataCollectionManager.InvokeDataCollectionServiceAction: Starting.
TpTrace Information: 0 : 6632, 5, 2024/05/02, 21:11:54.951, 4828018712094, vstest.console.dll, ProxyDataCollectionManager.BeforeTestRunStart: Get environment variable and port for datacollector processId: 3104 port: 61297
TpTrace Verbose: 0 : 6632, 5, 2024/05/02, 21:11:54.951, 4828018712618, vstest.console.dll, DataCollectionRequestSender.SendBeforeTestRunStartAndGetResult: Send BeforeTestRunStart message with settingsXml <RunSettings><RunConfiguration><ResultsDirectory>C:\Temp\source\MyApplication\MyApplication.Test\bin\Debug\net6.0\fine-code-coverage\coverage-tool-output</ResultsDirectory><TargetPlatform>X64</TargetPlatform><TargetFrameworkVersion>.NETCoreApp,Version=v6.0</TargetFrameworkVersion><DesignMode>False</DesignMode><CollectSourceInformation>False</CollectSourceInformation><TestAdaptersPaths>C:\Program Files\dotnet\sdk\8.0.204\Extensions</TestAdaptersPaths></RunConfiguration><LoggerRunSettings><Loggers><Logger friendlyName="blame" enabled="True" /><Logger friendlyName="Console" uri="logger://microsoft/TestPlatform/ConsoleLogger/v1" assemblyQualifiedName="Microsoft.VisualStudio.TestPlatform.CommandLine.Internal.ConsoleLogger, vstest.console, Version=15.0.0.0, Culture=neutral, PublicKeyToken=b03f5f7f11d50a3a" codeBase="C:\Program Files\dotnet\sdk\8.0.204\vstest.console.dll" enabled="True" /></Loggers></LoggerRunSettings><DataCollectionRunSettings><DataCollectors><DataCollector friendlyName="blame" enabled="True"><Configuration><ResultsDirectory>C:\Temp\source\MyApplication\MyApplication.Test\bin\Debug\net6.0\fine-code-coverage\coverage-tool-output</ResultsDirectory></Configuration></DataCollector></DataCollectors></DataCollectionRunSettings></RunSettings> and sources System.Collections.Generic.List`1[System.String]: 
TpTrace Verbose: 0 : 6632, 5, 2024/05/02, 21:11:54.989, 4828019094475, vstest.console.dll, DataCollectionRequestSender.SendBeforeTestRunStartAndGetResult: Received message: (DataCollection.SendMessage) -> {"MessageType":"DataCollection.SendMessage","Payload":{"FriendlyName":null,"Uri":null,"TestCaseId":"00000000-0000-0000-0000-000000000000","Message":"Logging DataCollector Diagnostics in file: C:\\Temp\\source\\MyApplication\\MyApplication.Test\\bin\\Debug\\net6.0\\fine-code-coverage\\coverage-tool-output\\diagnostics.datacollector.24-05-02_21-11-54_85602_5.log","Level":0}}
TpTrace Verbose: 0 : 6632, 5, 2024/05/02, 21:11:55.038, 4828019583304, vstest.console.dll, DataCollectionRequestSender.SendBeforeTestRunStartAndGetResult: Received message: (DataCollection.BeforeTestRunStartResult) -> {"MessageType":"DataCollection.BeforeTestRunStartResult","Payload":{"EnvironmentVariables":{},"DataCollectionEventsPort":61299}}
TpTrace Information: 0 : 6632, 5, 2024/05/02, 21:11:55.041, 4828019611585, vstest.console.dll, ProxyDataCollectionManager.BeforeTestRunStart: SendBeforeTestRunStartAndGetResult successful, env variable from datacollector:   and testhost port: 61299
TpTrace Information: 0 : 6632, 5, 2024/05/02, 21:11:55.041, 4828019612157, vstest.console.dll, ProxyDataCollectionManager.InvokeDataCollectionServiceAction: Completed.
TpTrace Verbose: 0 : 6632, 5, 2024/05/02, 21:11:55.041, 4828019612378, vstest.console.dll, ParallelProxyExecutionManager.StartTestRunOnConcurrentManager: Initializing test run. Started clients: 0
TpTrace Verbose: 0 : 6632, 5, 2024/05/02, 21:11:55.041, 4828019612824, vstest.console.dll, ProxyExecutionManager: Test host is always Lazy initialize.
TpTrace Verbose: 0 : 6632, 5, 2024/05/02, 21:11:55.041, 4828019613836, vstest.console.dll, TestRequestSender.InitializeCommunication: initialize communication. 
TpTrace Information: 0 : 6632, 5, 2024/05/02, 21:11:55.042, 4828019617153, vstest.console.dll, SocketServer.Start: Listening on endpoint : 127.0.0.1:61300
TpTrace Verbose: 0 : 6632, 5, 2024/05/02, 21:11:55.042, 4828019623029, vstest.console.dll, DotnetTestHostmanager.GetTestHostProcessStartInfo: Platform environment 'X64' target architecture 'X64' framework '.NETCoreApp,Version=v6.0' OS 'Windows'
TpTrace Verbose: 0 : 6632, 5, 2024/05/02, 21:11:55.042, 4828019624496, vstest.console.dll, DotnetTestHostmanager: Adding  --runtimeconfig "C:\Temp\source\MyApplication\MyApplication.Test\bin\Debug\net6.0\fine-code-coverage\build-output\MyApplication.Test.runtimeconfig.json" in args
TpTrace Verbose: 0 : 6632, 5, 2024/05/02, 21:11:55.042, 4828019624895, vstest.console.dll, DotnetTestHostmanager: Adding  --depsfile "C:\Temp\source\MyApplication\MyApplication.Test\bin\Debug\net6.0\fine-code-coverage\build-output\MyApplication.Test.deps.json" in args
TpTrace Verbose: 0 : 6632, 5, 2024/05/02, 21:11:55.043, 4828019626542, vstest.console.dll, DotnetTestHostmanager.IsWinOnArm: Current PROCESSOR_ARCHITECTURE from environment variable 'AMD64'
TpTrace Verbose: 0 : 6632, 5, 2024/05/02, 21:11:55.043, 4828019626899, vstest.console.dll, DotnetTestHostmanager.IsWinOnArm: Is Windows on ARM 'False'
TpTrace Verbose: 0 : 6632, 5, 2024/05/02, 21:11:55.043, 4828019627360, vstest.console.dll, DotnetTestHostManager: testhost.exe found at path: C:\Temp\source\MyApplication\MyApplication.Test\bin\Debug\net6.0\fine-code-coverage\build-output\testhost.exe
TpTrace Verbose: 0 : 6632, 5, 2024/05/02, 21:11:55.043, 4828019627513, vstest.console.dll, DotnetTestHostmanager: Full path of host exe is C:\Temp\source\MyApplication\MyApplication.Test\bin\Debug\net6.0\fine-code-coverage\build-output\testhost.exe
TpTrace Verbose: 0 : 6632, 5, 2024/05/02, 21:11:55.043, 4828019628158, vstest.console.dll, DotnetTestHostmanager.LaunchTestHostAsync: Found 'VSTEST_WINAPPHOST_DOTNET_ROOT' in env variables, value 'C:\Program Files\dotnet', forwarding to 'DOTNET_ROOT'
TpTrace Verbose: 0 : 6632, 5, 2024/05/02, 21:11:55.043, 4828019629012, vstest.console.dll, DotnetTestHostManager: Starting process 'C:\Temp\source\MyApplication\MyApplication.Test\bin\Debug\net6.0\fine-code-coverage\build-output\testhost.exe' with command line ' --runtimeconfig "C:\Temp\source\MyApplication\MyApplication.Test\bin\Debug\net6.0\fine-code-coverage\build-output\MyApplication.Test.runtimeconfig.json" --depsfile "C:\Temp\source\MyApplication\MyApplication.Test\bin\Debug\net6.0\fine-code-coverage\build-output\MyApplication.Test.deps.json" --port 61300 --endpoint 127.0.0.1:061300 --role client --parentprocessid 6632 --diag "C:\Temp\source\MyApplication\MyApplication.Test\bin\Debug\net6.0\fine-code-coverage\coverage-tool-output\diagnostics.host.24-05-02_21-11-55_04246_5.log" --tracelevel 4 --datacollectionport 61299 --telemetryoptedin false'
TpTrace Verbose: 0 : 6632, 5, 2024/05/02, 21:11:55.047, 4828019668589, vstest.console.dll, MulticastDelegateUtilities.SafeInvoke: HostProviderEvents.OnHostLaunched: Invoking callback 1/2 for Microsoft.VisualStudio.TestPlatform.CrossPlatEngine.Client.ProxyExecutionManagerWithDataCollection., took 0 ms.
TpTrace Verbose: 0 : 6632, 5, 2024/05/02, 21:11:55.047, 4828019670542, vstest.console.dll, Test Runtime launched
TpTrace Verbose: 0 : 6632, 5, 2024/05/02, 21:11:55.047, 4828019670928, vstest.console.dll, MulticastDelegateUtilities.SafeInvoke: HostProviderEvents.OnHostLaunched: Invoking callback 2/2 for Microsoft.VisualStudio.TestPlatform.CrossPlatEngine.Client.ProxyOperationManager., took 0 ms.
TpTrace Verbose: 0 : 6632, 5, 2024/05/02, 21:11:55.047, 4828019671588, vstest.console.dll, TestRequestSender.WaitForRequestHandlerConnection: waiting for connection with timeout: 90000.
TpTrace Verbose: 0 : 6632, 11, 2024/05/02, 21:11:55.150, 4828020699182, vstest.console.dll, MulticastDelegateUtilities.SafeInvoke: SocketServer: ClientConnected: Invoking callback 1/1 for Microsoft.VisualStudio.TestPlatform.CommunicationUtilities.TestRequestSender., took 0 ms.
TpTrace Verbose: 0 : 6632, 5, 2024/05/02, 21:11:55.150, 4828020699410, vstest.console.dll, TestRequestSender.WaitForRequestHandlerConnection: waiting took 102 ms, with timeout 90000 ms, and result 0, which is success.
TpTrace Verbose: 0 : 6632, 11, 2024/05/02, 21:11:55.150, 4828020700324, vstest.console.dll, SocketServer.OnClientConnected: Client connected for endPoint: 127.0.0.1:61300, starting MessageLoopAsync:
TpTrace Verbose: 0 : 6632, 11, 2024/05/02, 21:11:55.151, 4828020705903, vstest.console.dll, TcpClientExtensions.MessageLoopAsync: Polling on remoteEndPoint: 127.0.0.1:61301 localEndPoint: 127.0.0.1:61300 after 0 ms
TpTrace Verbose: 0 : 6632, 5, 2024/05/02, 21:11:55.151, 4828020709394, vstest.console.dll, TestRequestSender.CheckVersionWithTestHost: Sending check version message: {"MessageType":"ProtocolVersion","Payload":7}
TpTrace Verbose: 0 : 6632, 11, 2024/05/02, 21:11:55.243, 4828021626416, vstest.console.dll, TcpClientExtensions.MessageLoopAsync: NotifyDataAvailable remoteEndPoint: 127.0.0.1:61301 localEndPoint: 127.0.0.1:61300
TpTrace Verbose: 0 : 6632, 11, 2024/05/02, 21:11:55.243, 4828021628302, vstest.console.dll, TestRequestSender.CheckVersionWithTestHost: onMessageReceived received message: (ProtocolVersion) -> {"MessageType":"ProtocolVersion","Payload":7}
TpTrace Verbose: 0 : 6632, 11, 2024/05/02, 21:11:55.243, 4828021632648, vstest.console.dll, MulticastDelegateUtilities.SafeInvoke: LengthPrefixCommunicationChannel: MessageReceived: Invoking callback 1/1 for Microsoft.VisualStudio.TestPlatform.CommunicationUtilities.TestRequestSender+<>c__DisplayClass29_0., took 0 ms.
TpTrace Verbose: 0 : 6632, 11, 2024/05/02, 21:11:55.243, 4828021633233, vstest.console.dll, TcpClientExtensions.MessageLoopAsync: Polling on remoteEndPoint: 127.0.0.1:61301 localEndPoint: 127.0.0.1:61300 after 92 ms
TpTrace Verbose: 0 : 6632, 5, 2024/05/02, 21:11:55.243, 4828021634275, vstest.console.dll, TestPluginCache.GetExtensionPaths: Filtered extension paths: 
TpTrace Verbose: 0 : 6632, 5, 2024/05/02, 21:11:55.243, 4828021634545, vstest.console.dll, TestPluginCache.GetExtensionPaths: Added default extension paths: C:\Program Files\dotnet\sdk\8.0.204\Extensions\Microsoft.Diagnostics.NETCore.Client.dll
C:\Program Files\dotnet\sdk\8.0.204\Extensions\Microsoft.TestPlatform.Extensions.BlameDataCollector.dll
C:\Program Files\dotnet\sdk\8.0.204\Extensions\Microsoft.TestPlatform.Extensions.EventLogCollector.dll
C:\Program Files\dotnet\sdk\8.0.204\Extensions\Microsoft.TestPlatform.TestHostRuntimeProvider.dll
C:\Program Files\dotnet\sdk\8.0.204\Extensions\Microsoft.VisualStudio.TestPlatform.Extensions.Html.TestLogger.dll
C:\Program Files\dotnet\sdk\8.0.204\Extensions\Microsoft.VisualStudio.TestPlatform.Extensions.Trx.TestLogger.dll
TpTrace Verbose: 0 : 6632, 5, 2024/05/02, 21:11:55.243, 4828021635322, vstest.console.dll, TestPluginCache.GetExtensionPaths: Added unfilterableExtensionPaths: 
TpTrace Verbose: 0 : 6632, 5, 2024/05/02, 21:11:55.245, 4828021650116, vstest.console.dll, TestRequestSender.InitializeExecution: Sending initialize execution with message: {"Version":7,"MessageType":"TestExecution.Initialize","Payload":["C:\\Temp\\source\\MyApplication\\MyApplication.Test\\bin\\Debug\\net6.0\\fine-code-coverage\\build-output\\xunit.runner.visualstudio.dotnetcore.testadapter.dll"]}
TpTrace Verbose: 0 : 6632, 5, 2024/05/02, 21:11:55.245, 4828021651445, vstest.console.dll, ParallelProxyExecutionManager.StartTestRunOnConcurrentManager: Execution starting. Started clients: 1
TpTrace Verbose: 0 : 6632, 5, 2024/05/02, 21:11:55.245, 4828021653099, vstest.console.dll, TestRunRequest:SendTestRunMessage: Starting.
TpTrace Verbose: 0 : 6632, 5, 2024/05/02, 21:11:55.245, 4828021653959, vstest.console.dll, MulticastDelegateUtilities.SafeInvoke: TestRun.LogMessages: Invoking callback 1/1 for Microsoft.VisualStudio.TestPlatform.CommandLine.TestRunResultAggregator., took 0 ms.
TpTrace Information: 0 : 6632, 5, 2024/05/02, 21:11:55.245, 4828021654153, vstest.console.dll, TestRunRequest:SendTestRunMessage: Completed.
TpTrace Warning: 0 : 6632, 5, 2024/05/02, 21:11:55.246, 4828021656634, vstest.console.dll, InferRunSettingsHelper.MakeRunsettingsCompatible: Removing the following settings: TargetPlatform from RunSettings file. To use those settings please move to latest version of Microsoft.NET.Test.Sdk
TpTrace Verbose: 0 : 6632, 4, 2024/05/02, 21:11:55.246, 4828021656977, vstest.console.dll, MulticastDelegateUtilities.SafeInvoke: InternalTestLoggerEvents.SendTestRunMessage: Invoking callback 1/1 for Microsoft.VisualStudio.TestPlatform.CommandLine.Internal.ConsoleLogger., took 0 ms.
TpTrace Verbose: 0 : 6632, 11, 2024/05/02, 21:11:55.247, 4828021666437, vstest.console.dll, TcpClientExtensions.MessageLoopAsync: NotifyDataAvailable remoteEndPoint: 127.0.0.1:61301 localEndPoint: 127.0.0.1:61300
TpTrace Verbose: 0 : 6632, 11, 2024/05/02, 21:11:55.247, 4828021669003, vstest.console.dll, TestRequestSender.OnExecutionMessageReceived: Received message: {"Version":7,"MessageType":"TestSession.Message","Payload":{"MessageLevel":0,"Message":"Logging TestHost Diagnostics in file: C:\\Temp\\source\\MyApplication\\MyApplication.Test\\bin\\Debug\\net6.0\\fine-code-coverage\\coverage-tool-output\\diagnostics.host.24-05-02_21-11-55_04246_5.log"}}
TpTrace Verbose: 0 : 6632, 5, 2024/05/02, 21:11:55.249, 4828021690055, vstest.console.dll, TestRequestSender.StartTestRun: Sending test run with message: {"Version":7,"MessageType":"TestExecution.StartWithSources","Payload":{"AdapterSourceMap":{"_none_":["C:\\Temp\\source\\MyApplication\\MyApplication.Test\\bin\\Debug\\net6.0\\fine-code-coverage\\build-output\\MyApplication.Test.dll"]},"RunSettings":"<RunSettings>\r\n  <RunConfiguration>\r\n    <ResultsDirectory>C:\\Temp\\source\\MyApplication\\MyApplication.Test\\bin\\Debug\\net6.0\\fine-code-coverage\\coverage-tool-output</ResultsDirectory>\r\n    <TargetFrameworkVersion>.NETCoreApp,Version=v6.0</TargetFrameworkVersion>\r\n    <DesignMode>False</DesignMode>\r\n    <CollectSourceInformation>False</CollectSourceInformation>\r\n  </RunConfiguration>\r\n  <LoggerRunSettings>\r\n    <Loggers>\r\n      <Logger friendlyName=\"blame\" enabled=\"True\" />\r\n      <Logger friendlyName=\"Console\" uri=\"logger://microsoft/TestPlatform/ConsoleLogger/v1\" assemblyQualifiedName=\"Microsoft.VisualStudio.TestPlatform.CommandLine.Internal.ConsoleLogger, vstest.console, Version=15.0.0.0, Culture=neutral, PublicKeyToken=b03f5f7f11d50a3a\" codeBase=\"C:\\Program Files\\dotnet\\sdk\\8.0.204\\vstest.console.dll\" enabled=\"True\" />\r\n    </Loggers>\r\n  </LoggerRunSettings>\r\n  <DataCollectionRunSettings>\r\n    <DataCollectors>\r\n      <DataCollector friendlyName=\"blame\" enabled=\"True\">\r\n        <Configuration>\r\n          <ResultsDirectory>C:\\Temp\\source\\MyApplication\\MyApplication.Test\\bin\\Debug\\net6.0\\fine-code-coverage\\coverage-tool-output</ResultsDirectory>\r\n        </Configuration>\r\n      </DataCollector>\r\n    </DataCollectors>\r\n  </DataCollectionRunSettings>\r\n</RunSettings>","TestExecutionContext":{"FrequencyOfRunStatsChangeEvent":10,"RunStatsChangeEventTimeout":"00:00:01.5000000","InIsolation":false,"KeepAlive":false,"AreTestCaseLevelEventsRequired":false,"IsDebug":false,"TestCaseFilter":null,"FilterOptions":null},"Package":null}}
TpTrace Verbose: 0 : 6632, 5, 2024/05/02, 21:11:55.249, 4828021691511, vstest.console.dll, ParallelProxyExecutionManager.StartTestRunOnConcurrentManager: Execution started. Started clients: 1
TpTrace Verbose: 0 : 6632, 11, 2024/05/02, 21:11:55.249, 4828021692452, vstest.console.dll, TestRunRequest:SendTestRunMessage: Starting.
TpTrace Verbose: 0 : 6632, 11, 2024/05/02, 21:11:55.249, 4828021693056, vstest.console.dll, MulticastDelegateUtilities.SafeInvoke: TestRun.LogMessages: Invoking callback 1/1 for Microsoft.VisualStudio.TestPlatform.CommandLine.TestRunResultAggregator., took 0 ms.
TpTrace Information: 0 : 6632, 11, 2024/05/02, 21:11:55.249, 4828021693219, vstest.console.dll, TestRunRequest:SendTestRunMessage: Completed.
TpTrace Verbose: 0 : 6632, 11, 2024/05/02, 21:11:55.249, 4828021693395, vstest.console.dll, MulticastDelegateUtilities.SafeInvoke: LengthPrefixCommunicationChannel: MessageReceived: Invoking callback 1/1 for Microsoft.VisualStudio.TestPlatform.CommunicationUtilities.TestRequestSender+<>c__DisplayClass34_0., took 2 ms.
TpTrace Verbose: 0 : 6632, 11, 2024/05/02, 21:11:55.249, 4828021693530, vstest.console.dll, TcpClientExtensions.MessageLoopAsync: Polling on remoteEndPoint: 127.0.0.1:61301 localEndPoint: 127.0.0.1:61300 after 6 ms
TpTrace Verbose: 0 : 6632, 4, 2024/05/02, 21:11:55.249, 4828021693519, vstest.console.dll, MulticastDelegateUtilities.SafeInvoke: InternalTestLoggerEvents.SendTestRunMessage: Invoking callback 1/1 for Microsoft.VisualStudio.TestPlatform.CommandLine.Internal.ConsoleLogger., took 0 ms.
TpTrace Verbose: 0 : 6632, 11, 2024/05/02, 21:11:55.361, 4828022814870, vstest.console.dll, TcpClientExtensions.MessageLoopAsync: NotifyDataAvailable remoteEndPoint: 127.0.0.1:61301 localEndPoint: 127.0.0.1:61300
TpTrace Verbose: 0 : 6632, 11, 2024/05/02, 21:11:55.362, 4828022816166, vstest.console.dll, TestRequestSender.OnExecutionMessageReceived: Received message: {"Version":7,"MessageType":"TestSession.Message","Payload":{"MessageLevel":0,"Message":"[xUnit.net 00:00:00.00] xUnit.net VSTest Adapter v2.4.5+1caef2f33e (64-bit .NET 6.0.29)"}}
TpTrace Verbose: 0 : 6632, 11, 2024/05/02, 21:11:55.362, 4828022817418, vstest.console.dll, TestRunRequest:SendTestRunMessage: Starting.
TpTrace Verbose: 0 : 6632, 11, 2024/05/02, 21:11:55.362, 4828022817808, vstest.console.dll, MulticastDelegateUtilities.SafeInvoke: TestRun.LogMessages: Invoking callback 1/1 for Microsoft.VisualStudio.TestPlatform.CommandLine.TestRunResultAggregator., took 0 ms.
TpTrace Information: 0 : 6632, 11, 2024/05/02, 21:11:55.362, 4828022817970, vstest.console.dll, TestRunRequest:SendTestRunMessage: Completed.
TpTrace Verbose: 0 : 6632, 11, 2024/05/02, 21:11:55.362, 4828022818086, vstest.console.dll, MulticastDelegateUtilities.SafeInvoke: LengthPrefixCommunicationChannel: MessageReceived: Invoking callback 1/1 for Microsoft.VisualStudio.TestPlatform.CommunicationUtilities.TestRequestSender+<>c__DisplayClass34_0., took 0 ms.
TpTrace Verbose: 0 : 6632, 11, 2024/05/02, 21:11:55.362, 4828022818218, vstest.console.dll, TcpClientExtensions.MessageLoopAsync: Polling on remoteEndPoint: 127.0.0.1:61301 localEndPoint: 127.0.0.1:61300 after 112 ms
TpTrace Verbose: 0 : 6632, 4, 2024/05/02, 21:11:55.362, 4828022819344, vstest.console.dll, MulticastDelegateUtilities.SafeInvoke: InternalTestLoggerEvents.SendTestRunMessage: Invoking callback 1/1 for Microsoft.VisualStudio.TestPlatform.CommandLine.Internal.ConsoleLogger., took 0 ms.
TpTrace Verbose: 0 : 6632, 11, 2024/05/02, 21:11:55.719, 4828026394312, vstest.console.dll, TcpClientExtensions.MessageLoopAsync: NotifyDataAvailable remoteEndPoint: 127.0.0.1:61301 localEndPoint: 127.0.0.1:61300
TpTrace Verbose: 0 : 6632, 11, 2024/05/02, 21:11:55.720, 4828026396025, vstest.console.dll, TestRequestSender.OnExecutionMessageReceived: Received message: {"Version":7,"MessageType":"TestSession.Message","Payload":{"MessageLevel":0,"Message":"[xUnit.net 00:00:00.36]   Discovering: MyApplication.Test"}}
TpTrace Verbose: 0 : 6632, 11, 2024/05/02, 21:11:55.720, 4828026397052, vstest.console.dll, TestRunRequest:SendTestRunMessage: Starting.
TpTrace Verbose: 0 : 6632, 11, 2024/05/02, 21:11:55.720, 4828026397426, vstest.console.dll, MulticastDelegateUtilities.SafeInvoke: TestRun.LogMessages: Invoking callback 1/1 for Microsoft.VisualStudio.TestPlatform.CommandLine.TestRunResultAggregator., took 0 ms.
TpTrace Information: 0 : 6632, 11, 2024/05/02, 21:11:55.720, 4828026397643, vstest.console.dll, TestRunRequest:SendTestRunMessage: Completed.
TpTrace Verbose: 0 : 6632, 11, 2024/05/02, 21:11:55.720, 4828026397819, vstest.console.dll, MulticastDelegateUtilities.SafeInvoke: LengthPrefixCommunicationChannel: MessageReceived: Invoking callback 1/1 for Microsoft.VisualStudio.TestPlatform.CommunicationUtilities.TestRequestSender+<>c__DisplayClass34_0., took 0 ms.
TpTrace Verbose: 0 : 6632, 11, 2024/05/02, 21:11:55.720, 4828026397963, vstest.console.dll, TcpClientExtensions.MessageLoopAsync: Polling on remoteEndPoint: 127.0.0.1:61301 localEndPoint: 127.0.0.1:61300 after 357 ms
TpTrace Verbose: 0 : 6632, 4, 2024/05/02, 21:11:55.720, 4828026398994, vstest.console.dll, MulticastDelegateUtilities.SafeInvoke: InternalTestLoggerEvents.SendTestRunMessage: Invoking callback 1/1 for Microsoft.VisualStudio.TestPlatform.CommandLine.Internal.ConsoleLogger., took 0 ms.
TpTrace Verbose: 0 : 6632, 11, 2024/05/02, 21:11:55.754, 4828026741459, vstest.console.dll, TcpClientExtensions.MessageLoopAsync: NotifyDataAvailable remoteEndPoint: 127.0.0.1:61301 localEndPoint: 127.0.0.1:61300
TpTrace Verbose: 0 : 6632, 11, 2024/05/02, 21:11:55.754, 4828026743575, vstest.console.dll, TestRequestSender.OnExecutionMessageReceived: Received message: {"Version":7,"MessageType":"TestSession.Message","Payload":{"MessageLevel":0,"Message":"[xUnit.net 00:00:00.39]   Discovered:  MyApplication.Test"}}
TpTrace Verbose: 0 : 6632, 11, 2024/05/02, 21:11:55.754, 4828026745156, vstest.console.dll, TestRunRequest:SendTestRunMessage: Starting.
TpTrace Verbose: 0 : 6632, 11, 2024/05/02, 21:11:55.754, 4828026745827, vstest.console.dll, MulticastDelegateUtilities.SafeInvoke: TestRun.LogMessages: Invoking callback 1/1 for Microsoft.VisualStudio.TestPlatform.CommandLine.TestRunResultAggregator., took 0 ms.
TpTrace Information: 0 : 6632, 11, 2024/05/02, 21:11:55.755, 4828026746153, vstest.console.dll, TestRunRequest:SendTestRunMessage: Completed.
TpTrace Verbose: 0 : 6632, 11, 2024/05/02, 21:11:55.755, 4828026746709, vstest.console.dll, MulticastDelegateUtilities.SafeInvoke: LengthPrefixCommunicationChannel: MessageReceived: Invoking callback 1/1 for Microsoft.VisualStudio.TestPlatform.CommunicationUtilities.TestRequestSender+<>c__DisplayClass34_0., took 0 ms.
TpTrace Verbose: 0 : 6632, 4, 2024/05/02, 21:11:55.755, 4828026746844, vstest.console.dll, MulticastDelegateUtilities.SafeInvoke: InternalTestLoggerEvents.SendTestRunMessage: Invoking callback 1/1 for Microsoft.VisualStudio.TestPlatform.CommandLine.Internal.ConsoleLogger., took 0 ms.
TpTrace Verbose: 0 : 6632, 11, 2024/05/02, 21:11:55.755, 4828026747127, vstest.console.dll, TcpClientExtensions.MessageLoopAsync: Polling on remoteEndPoint: 127.0.0.1:61301 localEndPoint: 127.0.0.1:61300 after 34 ms
TpTrace Verbose: 0 : 6632, 11, 2024/05/02, 21:11:55.756, 4828026760585, vstest.console.dll, TcpClientExtensions.MessageLoopAsync: NotifyDataAvailable remoteEndPoint: 127.0.0.1:61301 localEndPoint: 127.0.0.1:61300
TpTrace Verbose: 0 : 6632, 11, 2024/05/02, 21:11:55.756, 4828026761557, vstest.console.dll, TestRequestSender.OnExecutionMessageReceived: Received message: {"Version":7,"MessageType":"TestSession.Message","Payload":{"MessageLevel":0,"Message":"[xUnit.net 00:00:00.39]   Starting:    MyApplication.Test"}}
TpTrace Verbose: 0 : 6632, 11, 2024/05/02, 21:11:55.756, 4828026762494, vstest.console.dll, TestRunRequest:SendTestRunMessage: Starting.
TpTrace Verbose: 0 : 6632, 11, 2024/05/02, 21:11:55.756, 4828026762814, vstest.console.dll, MulticastDelegateUtilities.SafeInvoke: TestRun.LogMessages: Invoking callback 1/1 for Microsoft.VisualStudio.TestPlatform.CommandLine.TestRunResultAggregator., took 0 ms.
TpTrace Information: 0 : 6632, 11, 2024/05/02, 21:11:55.756, 4828026762957, vstest.console.dll, TestRunRequest:SendTestRunMessage: Completed.
TpTrace Verbose: 0 : 6632, 11, 2024/05/02, 21:11:55.756, 4828026763133, vstest.console.dll, MulticastDelegateUtilities.SafeInvoke: LengthPrefixCommunicationChannel: MessageReceived: Invoking callback 1/1 for Microsoft.VisualStudio.TestPlatform.CommunicationUtilities.TestRequestSender+<>c__DisplayClass34_0., took 0 ms.
TpTrace Verbose: 0 : 6632, 11, 2024/05/02, 21:11:55.756, 4828026763290, vstest.console.dll, TcpClientExtensions.MessageLoopAsync: Polling on remoteEndPoint: 127.0.0.1:61301 localEndPoint: 127.0.0.1:61300 after 1 ms
TpTrace Verbose: 0 : 6632, 4, 2024/05/02, 21:11:55.756, 4828026763752, vstest.console.dll, MulticastDelegateUtilities.SafeInvoke: InternalTestLoggerEvents.SendTestRunMessage: Invoking callback 1/1 for Microsoft.VisualStudio.TestPlatform.CommandLine.Internal.ConsoleLogger., took 0 ms.
TpTrace Verbose: 0 : 6632, 11, 2024/05/02, 21:11:55.843, 4828027632581, vstest.console.dll, TcpClientExtensions.MessageLoopAsync: NotifyDataAvailable remoteEndPoint: 127.0.0.1:61301 localEndPoint: 127.0.0.1:61300
TpTrace Verbose: 0 : 6632, 11, 2024/05/02, 21:11:55.843, 4828027635045, vstest.console.dll, TestRequestSender.OnExecutionMessageReceived: Received message: {"Version":7,"MessageType":"TestExecution.StatsChange","Payload":{"NewTestResults":[{"TestCase":{"Id":"3af3346a-670d-ece6-57b5-6e526f56f4ed","FullyQualifiedName":"MyApplication.Test.ProdutoTest.TesteListaProdutos","DisplayName":"MyApplication.Test.ProdutoTest.TesteListaProdutos","ExecutorUri":"executor://xunit/VsTestRunner2/netcoreapp","Source":"C:\\Temp\\source\\MyApplication\\MyApplication.Test\\bin\\Debug\\net6.0\\fine-code-coverage\\build-output\\MyApplication.Test.dll","CodeFilePath":null,"LineNumber":0,"Properties":[]},"Attachments":[],"Outcome":1,"ErrorMessage":null,"ErrorStackTrace":null,"DisplayName":"MyApplication.Test.ProdutoTest.TesteListaProdutos","Messages":[],"ComputerName":"IDEAPAD","Duration":"00:00:00.0037836","StartTime":"2024-05-03T00:11:55.8058702+00:00","EndTime":"2024-05-03T00:11:55.8058877+00:00","Properties":[]},{"TestCase":{"Id":"9d53f9d5-cfa6-20fd-e05a-f5c2ca85409c","FullyQualifiedName":"MyApplication.Test.ProdutoTest.TesteNome","DisplayName":"MyApplication.Test.ProdutoTest.TesteNome(nome: \"Carlos\")","ExecutorUri":"executor://xunit/VsTestRunner2/netcoreapp","Source":"C:\\Temp\\source\\MyApplication\\MyApplication.Test\\bin\\Debug\\net6.0\\fine-code-coverage\\build-output\\MyApplication.Test.dll","CodeFilePath":null,"LineNumber":0,"Properties":[]},"Attachments":[],"Outcome":1,"ErrorMessage":null,"ErrorStackTrace":null,"DisplayName":"MyApplication.Test.ProdutoTest.TesteNome(nome: \"Carlos\")","Messages":[],"ComputerName":"IDEAPAD","Duration":"00:00:00.0005083","StartTime":"2024-05-03T00:11:55.8182778+00:00","EndTime":"2024-05-03T00:11:55.8182783+00:00","Properties":[]},{"TestCase":{"Id":"a3ae2fff-7e33-188b-76c5-5b6f784cc5e5","FullyQualifiedName":"MyApplication.Test.ProdutoTest.TesteDescricao","DisplayName":"MyApplication.Test.ProdutoTest.TesteDescricao","ExecutorUri":"executor://xunit/VsTestRunner2/netcoreapp","Source":"C:\\Temp\\source\\MyApplication\\MyApplication.Test\\bin\\Debug\\net6.0\\fine-code-coverage\\build-output\\MyApplication.Test.dll","CodeFilePath":null,"LineNumber":0,"Properties":[]},"Attachments":[],"Outcome":1,"ErrorMessage":null,"ErrorStackTrace":null,"DisplayName":"MyApplication.Test.ProdutoTest.TesteDescricao","Messages":[],"ComputerName":"IDEAPAD","Duration":"00:00:00.0001730","StartTime":"2024-05-03T00:11:55.8196279+00:00","EndTime":"2024-05-03T00:11:55.8196279+00:00","Properties":[]},{"TestCase":{"Id":"daf6e2de-a02c-09ad-72cc-4e3e11a6d573","FullyQualifiedName":"MyApplication.Test.ProdutoTest.DescricaoIsEmpty_RetornoEmpty","DisplayName":"MyApplication.Test.ProdutoTest.DescricaoIsEmpty_RetornoEmpty","ExecutorUri":"executor://xunit/VsTestRunner2/netcoreapp","Source":"C:\\Temp\\source\\MyApplication\\MyApplication.Test\\bin\\Debug\\net6.0\\fine-code-coverage\\build-output\\MyApplication.Test.dll","CodeFilePath":null,"LineNumber":0,"Properties":[]},"Attachments":[],"Outcome":1,"ErrorMessage":null,"ErrorStackTrace":null,"DisplayName":"MyApplication.Test.ProdutoTest.DescricaoIsEmpty_RetornoEmpty","Messages":[],"ComputerName":"IDEAPAD","Duration":"00:00:00.0001593","StartTime":"2024-05-03T00:11:55.8205951+00:00","EndTime":"2024-05-03T00:11:55.8205951+00:00","Properties":[]},{"TestCase":{"Id":"c83cb1c0-e739-222a-bf29-570e7b11037a","FullyQualifiedName":"MyApplication.Test.ProdutoTest.NomeNaoPodeSerNulo","DisplayName":"MyApplication.Test.ProdutoTest.NomeNaoPodeSerNulo","ExecutorUri":"executor://xunit/VsTestRunner2/netcoreapp","Source":"C:\\Temp\\source\\MyApplication\\MyApplication.Test\\bin\\Debug\\net6.0\\fine-code-coverage\\build-output\\MyApplication.Test.dll","CodeFilePath":null,"LineNumber":0,"Properties":[]},"Attachments":[],"Outcome":1,"ErrorMessage":null,"ErrorStackTrace":null,"DisplayName":"MyApplication.Test.ProdutoTest.NomeNaoPodeSerNulo","Messages":[],"ComputerName":"IDEAPAD","Duration":"00:00:00.0000430","StartTime":"2024-05-03T00:11:55.8215688+00:00","EndTime":"2024-05-03T00:11:55.8215688+00:00","Properties":[]},{"TestCase":{"Id":"8aa56fb7-5c12-c654-5133-9de7f8a86b7a","FullyQualifiedName":"MyApplication.Test.ProdutoTest.DescricaoNotEmpty_RetornoNotEmpty","DisplayName":"MyApplication.Test.ProdutoTest.DescricaoNotEmpty_RetornoNotEmpty","ExecutorUri":"executor://xunit/VsTestRunner2/netcoreapp","Source":"C:\\Temp\\source\\MyApplication\\MyApplication.Test\\bin\\Debug\\net6.0\\fine-code-coverage\\build-output\\MyApplication.Test.dll","CodeFilePath":null,"LineNumber":0,"Properties":[]},"Attachments":[],"Outcome":1,"ErrorMessage":null,"ErrorStackTrace":null,"DisplayName":"MyApplication.Test.ProdutoTest.DescricaoNotEmpty_RetornoNotEmpty","Messages":[],"ComputerName":"IDEAPAD","Duration":"00:00:00.0000738","StartTime":"2024-05-03T00:11:55.822467+00:00","EndTime":"2024-05-03T00:11:55.8224671+00:00","Properties":[]},{"TestCase":{"Id":"e5b8bd0f-ed21-498d-4af7-3b8afdff5eaf","FullyQualifiedName":"MyApplication.Test.ProdutoTest.Validation_DescricaoNula_DeveLancarExcecao","DisplayName":"MyApplication.Test.ProdutoTest.Validation_DescricaoNula_DeveLancarExcecao","ExecutorUri":"executor://xunit/VsTestRunner2/netcoreapp","Source":"C:\\Temp\\source\\MyApplication\\MyApplication.Test\\bin\\Debug\\net6.0\\fine-code-coverage\\build-output\\MyApplication.Test.dll","CodeFilePath":null,"LineNumber":0,"Properties":[]},"Attachments":[],"Outcome":1,"ErrorMessage":null,"ErrorStackTrace":null,"DisplayName":"MyApplication.Test.ProdutoTest.Validation_DescricaoNula_DeveLancarExcecao","Messages":[],"ComputerName":"IDEAPAD","Duration":"00:00:00.0002918","StartTime":"2024-05-03T00:11:55.8233697+00:00","EndTime":"2024-05-03T00:11:55.8233697+00:00","Properties":[]},{"TestCase":{"Id":"099b66a2-ae2a-5e21-01e6-0fb1cb63f51a","FullyQualifiedName":"MyApplication.Test.ProdutoTest.VerificarLista_TemItensNaLista_RetornoValido","DisplayName":"MyApplication.Test.ProdutoTest.VerificarLista_TemItensNaLista_RetornoValido","ExecutorUri":"executor://xunit/VsTestRunner2/netcoreapp","Source":"C:\\Temp\\source\\MyApplication\\MyApplication.Test\\bin\\Debug\\net6.0\\fine-code-coverage\\build-output\\MyApplication.Test.dll","CodeFilePath":null,"LineNumber":0,"Properties":[]},"Attachments":[],"Outcome":1,"ErrorMessage":null,"ErrorStackTrace":null,"DisplayName":"MyApplication.Test.ProdutoTest.VerificarLista_TemItensNaLista_RetornoValido","Messages":[],"ComputerName":"IDEAPAD","Duration":"00:00:00.0001080","StartTime":"2024-05-03T00:11:55.8244435+00:00","EndTime":"2024-05-03T00:11:55.8244436+00:00","Properties":[]},{"TestCase":{"Id":"5d802901-7ce1-a749-e24f-d3ec96937448","FullyQualifiedName":"MyApplication.Test.ProdutoTest.TesteTamnhoNome","DisplayName":"MyApplication.Test.ProdutoTest.TesteTamnhoNome","ExecutorUri":"executor://xunit/VsTestRunner2/netcoreapp","Source":"C:\\Temp\\source\\MyApplication\\MyApplication.Test\\bin\\Debug\\net6.0\\fine-code-coverage\\build-output\\MyApplication.Test.dll","CodeFilePath":null,"LineNumber":0,"Properties":[]},"Attachments":[],"Outcome":1,"ErrorMessage":null,"ErrorStackTrace":null,"DisplayName":"MyApplication.Test.ProdutoTest.TesteTamnhoNome","Messages":[],"ComputerName":"IDEAPAD","Duration":"00:00:00.0000699","StartTime":"2024-05-03T00:11:55.8260167+00:00","EndTime":"2024-05-03T00:11:55.8260168+00:00","Properties":[]}],"TestRunStatistics":{"ExecutedTests":9,"Stats":{"Passed":9}},"ActiveTests":[{"Id":"5f210423-0a13-f27a-8054-93df79cf0526","FullyQualifiedName":"MyApplication.Test.ProdutoTest.DescricaoENullo","DisplayName":"MyApplication.Test.ProdutoTest.DescricaoENullo","ExecutorUri":"executor://xunit/VsTestRunner2/netcoreapp","Source":"C:\\Temp\\source\\MyApplication\\MyApplication.Test\\bin\\Debug\\net6.0\\fine-code-coverage\\build-output\\MyApplication.Test.dll","CodeFilePath":null,"LineNumber":0,"Properties":[]}]}}
TpTrace Verbose: 0 : 6632, 11, 2024/05/02, 21:11:55.856, 4828027761341, vstest.console.dll, TestRunRequest:SendTestRunStatsChange: Starting.
TpTrace Verbose: 0 : 6632, 11, 2024/05/02, 21:11:55.856, 4828027762293, vstest.console.dll, InProgress is MyApplication.Test.ProdutoTest.DescricaoENullo
TpTrace Verbose: 0 : 6632, 11, 2024/05/02, 21:11:55.856, 4828027763439, vstest.console.dll, MulticastDelegateUtilities.SafeInvoke: TestRun.RunStatsChanged: Invoking callbacks was skipped because there are no subscribers.
TpTrace Information: 0 : 6632, 11, 2024/05/02, 21:11:55.856, 4828027763870, vstest.console.dll, TestRunRequest:SendTestRunStatsChange: Completed.
TpTrace Verbose: 0 : 6632, 11, 2024/05/02, 21:11:55.856, 4828027764207, vstest.console.dll, MulticastDelegateUtilities.SafeInvoke: LengthPrefixCommunicationChannel: MessageReceived: Invoking callback 1/1 for Microsoft.VisualStudio.TestPlatform.CommunicationUtilities.TestRequestSender+<>c__DisplayClass34_0., took 12 ms.
TpTrace Verbose: 0 : 6632, 11, 2024/05/02, 21:11:55.856, 4828027764404, vstest.console.dll, TcpClientExtensions.MessageLoopAsync: Polling on remoteEndPoint: 127.0.0.1:61301 localEndPoint: 127.0.0.1:61300 after 100 ms
TpTrace Verbose: 0 : 6632, 4, 2024/05/02, 21:11:55.858, 4828027780432, vstest.console.dll, MulticastDelegateUtilities.SafeInvoke: InternalTestLoggerEvents.SendTestResult: Invoking callback 1/1 for Microsoft.VisualStudio.TestPlatform.CommandLine.Internal.ConsoleLogger., took 1 ms.
TpTrace Verbose: 0 : 6632, 4, 2024/05/02, 21:11:55.858, 4828027782714, vstest.console.dll, MulticastDelegateUtilities.SafeInvoke: InternalTestLoggerEvents.SendTestResult: Invoking callback 1/1 for Microsoft.VisualStudio.TestPlatform.CommandLine.Internal.ConsoleLogger., took 0 ms.
TpTrace Verbose: 0 : 6632, 4, 2024/05/02, 21:11:55.858, 4828027783183, vstest.console.dll, MulticastDelegateUtilities.SafeInvoke: InternalTestLoggerEvents.SendTestResult: Invoking callback 1/1 for Microsoft.VisualStudio.TestPlatform.CommandLine.Internal.ConsoleLogger., took 0 ms.
TpTrace Verbose: 0 : 6632, 4, 2024/05/02, 21:11:55.858, 4828027783373, vstest.console.dll, MulticastDelegateUtilities.SafeInvoke: InternalTestLoggerEvents.SendTestResult: Invoking callback 1/1 for Microsoft.VisualStudio.TestPlatform.CommandLine.Internal.ConsoleLogger., took 0 ms.
TpTrace Verbose: 0 : 6632, 4, 2024/05/02, 21:11:55.858, 4828027783574, vstest.console.dll, MulticastDelegateUtilities.SafeInvoke: InternalTestLoggerEvents.SendTestResult: Invoking callback 1/1 for Microsoft.VisualStudio.TestPlatform.CommandLine.Internal.ConsoleLogger., took 0 ms.
TpTrace Verbose: 0 : 6632, 4, 2024/05/02, 21:11:55.858, 4828027783742, vstest.console.dll, MulticastDelegateUtilities.SafeInvoke: InternalTestLoggerEvents.SendTestResult: Invoking callback 1/1 for Microsoft.VisualStudio.TestPlatform.CommandLine.Internal.ConsoleLogger., took 0 ms.
TpTrace Verbose: 0 : 6632, 4, 2024/05/02, 21:11:55.858, 4828027783966, vstest.console.dll, MulticastDelegateUtilities.SafeInvoke: InternalTestLoggerEvents.SendTestResult: Invoking callback 1/1 for Microsoft.VisualStudio.TestPlatform.CommandLine.Internal.ConsoleLogger., took 0 ms.
TpTrace Verbose: 0 : 6632, 4, 2024/05/02, 21:11:55.858, 4828027784167, vstest.console.dll, MulticastDelegateUtilities.SafeInvoke: InternalTestLoggerEvents.SendTestResult: Invoking callback 1/1 for Microsoft.VisualStudio.TestPlatform.CommandLine.Internal.ConsoleLogger., took 0 ms.
TpTrace Verbose: 0 : 6632, 4, 2024/05/02, 21:11:55.858, 4828027784331, vstest.console.dll, MulticastDelegateUtilities.SafeInvoke: InternalTestLoggerEvents.SendTestResult: Invoking callback 1/1 for Microsoft.VisualStudio.TestPlatform.CommandLine.Internal.ConsoleLogger., took 0 ms.
TpTrace Verbose: 0 : 6632, 11, 2024/05/02, 21:11:55.860, 4828027798617, vstest.console.dll, TcpClientExtensions.MessageLoopAsync: NotifyDataAvailable remoteEndPoint: 127.0.0.1:61301 localEndPoint: 127.0.0.1:61300
TpTrace Verbose: 0 : 6632, 11, 2024/05/02, 21:11:55.860, 4828027799807, vstest.console.dll, TestRequestSender.OnExecutionMessageReceived: Received message: {"Version":7,"MessageType":"TestSession.Message","Payload":{"MessageLevel":0,"Message":"[xUnit.net 00:00:00.50]   Finished:    MyApplication.Test"}}
TpTrace Verbose: 0 : 6632, 11, 2024/05/02, 21:11:55.860, 4828027801081, vstest.console.dll, TestRunRequest:SendTestRunMessage: Starting.
TpTrace Verbose: 0 : 6632, 11, 2024/05/02, 21:11:55.860, 4828027801724, vstest.console.dll, MulticastDelegateUtilities.SafeInvoke: TestRun.LogMessages: Invoking callback 1/1 for Microsoft.VisualStudio.TestPlatform.CommandLine.TestRunResultAggregator., took 0 ms.
TpTrace Information: 0 : 6632, 11, 2024/05/02, 21:11:55.860, 4828027802070, vstest.console.dll, TestRunRequest:SendTestRunMessage: Completed.
TpTrace Verbose: 0 : 6632, 4, 2024/05/02, 21:11:55.860, 4828027802228, vstest.console.dll, MulticastDelegateUtilities.SafeInvoke: InternalTestLoggerEvents.SendTestRunMessage: Invoking callback 1/1 for Microsoft.VisualStudio.TestPlatform.CommandLine.Internal.ConsoleLogger., took 0 ms.
TpTrace Verbose: 0 : 6632, 11, 2024/05/02, 21:11:55.860, 4828027803297, vstest.console.dll, MulticastDelegateUtilities.SafeInvoke: LengthPrefixCommunicationChannel: MessageReceived: Invoking callback 1/1 for Microsoft.VisualStudio.TestPlatform.CommunicationUtilities.TestRequestSender+<>c__DisplayClass34_0., took 0 ms.
TpTrace Verbose: 0 : 6632, 11, 2024/05/02, 21:11:55.860, 4828027803867, vstest.console.dll, TcpClientExtensions.MessageLoopAsync: Polling on remoteEndPoint: 127.0.0.1:61301 localEndPoint: 127.0.0.1:61300 after 3 ms
TpTrace Verbose: 0 : 6632, 11, 2024/05/02, 21:11:55.877, 4828027966029, vstest.console.dll, TcpClientExtensions.MessageLoopAsync: NotifyDataAvailable remoteEndPoint: 127.0.0.1:61301 localEndPoint: 127.0.0.1:61300
TpTrace Verbose: 0 : 6632, 11, 2024/05/02, 21:11:55.877, 4828027968084, vstest.console.dll, TestRequestSender.OnExecutionMessageReceived: Received message: {"Version":7,"MessageType":"TestExecution.Completed","Payload":{"TestRunCompleteArgs":{"TestRunStatistics":{"ExecutedTests":16,"Stats":{"Passed":16}},"IsCanceled":false,"IsAborted":false,"Error":null,"AttachmentSets":[],"InvokedDataCollectors":[],"ElapsedTimeInRunningTests":"00:00:00.5104806","Metrics":{},"DiscoveredExtensions":{"TestDiscoverers":["Xunit.Runner.VisualStudio.VsTestRunner, xunit.runner.visualstudio.dotnetcore.testadapter, Version=2.4.0.0, Culture=neutral, PublicKeyToken=8d05b1bb7a6fdb6c"],"TestExecutors":["executor://xunit/VsTestRunner2/netcoreapp"],"TestExecutors2":[],"TestSettingsProviders":[]}},"LastRunTests":{"NewTestResults":[{"TestCase":{"Id":"5f210423-0a13-f27a-8054-93df79cf0526","FullyQualifiedName":"MyApplication.Test.ProdutoTest.DescricaoENullo","DisplayName":"MyApplication.Test.ProdutoTest.DescricaoENullo","ExecutorUri":"executor://xunit/VsTestRunner2/netcoreapp","Source":"C:\\Temp\\source\\MyApplication\\MyApplication.Test\\bin\\Debug\\net6.0\\fine-code-coverage\\build-output\\MyApplication.Test.dll","CodeFilePath":null,"LineNumber":0,"Properties":[]},"Attachments":[],"Outcome":1,"ErrorMessage":null,"ErrorStackTrace":null,"DisplayName":"MyApplication.Test.ProdutoTest.DescricaoENullo","Messages":[],"ComputerName":"IDEAPAD","Duration":"00:00:00.0000624","StartTime":"2024-05-03T00:11:55.8451374+00:00","EndTime":"2024-05-03T00:11:55.8451375+00:00","Properties":[]},{"TestCase":{"Id":"996ff5a6-9d54-6e2a-4089-1bd0c9691575","FullyQualifiedName":"MyApplication.Test.ProdutoTest.Validation_NomeNulo_DeveLancarExcecao","DisplayName":"MyApplication.Test.ProdutoTest.Validation_NomeNulo_DeveLancarExcecao","ExecutorUri":"executor://xunit/VsTestRunner2/netcoreapp","Source":"C:\\Temp\\source\\MyApplication\\MyApplication.Test\\bin\\Debug\\net6.0\\fine-code-coverage\\build-output\\MyApplication.Test.dll","CodeFilePath":null,"LineNumber":0,"Properties":[]},"Attachments":[],"Outcome":1,"ErrorMessage":null,"ErrorStackTrace":null,"DisplayName":"MyApplication.Test.ProdutoTest.Validation_NomeNulo_DeveLancarExcecao","Messages":[],"ComputerName":"IDEAPAD","Duration":"00:00:00.0001303","StartTime":"2024-05-03T00:11:55.8473481+00:00","EndTime":"2024-05-03T00:11:55.8473481+00:00","Properties":[]},{"TestCase":{"Id":"2b2e4e96-3c1d-4358-9590-6cdaf1187bad","FullyQualifiedName":"MyApplication.Test.ProdutoTest.ValidarObjetoProduto","DisplayName":"MyApplication.Test.ProdutoTest.ValidarObjetoProduto(id: 1, nome: \"Nome\", descricao: \"Descrição\")","ExecutorUri":"executor://xunit/VsTestRunner2/netcoreapp","Source":"C:\\Temp\\source\\MyApplication\\MyApplication.Test\\bin\\Debug\\net6.0\\fine-code-coverage\\build-output\\MyApplication.Test.dll","CodeFilePath":null,"LineNumber":0,"Properties":[]},"Attachments":[],"Outcome":1,"ErrorMessage":null,"ErrorStackTrace":null,"DisplayName":"MyApplication.Test.ProdutoTest.ValidarObjetoProduto(id: 1, nome: \"Nome\", descricao: \"Descrição\")","Messages":[],"ComputerName":"IDEAPAD","Duration":"00:00:00.0000803","StartTime":"2024-05-03T00:11:55.8491976+00:00","EndTime":"2024-05-03T00:11:55.8491977+00:00","Properties":[]},{"TestCase":{"Id":"f14105a9-6f79-d294-1359-89c2ac6a6d9c","FullyQualifiedName":"MyApplication.Test.ProdutoTest.TestarSeIdEMaiorIualAZero_RetornoValido","DisplayName":"MyApplication.Test.ProdutoTest.TestarSeIdEMaiorIualAZero_RetornoValido(id1: 1)","ExecutorUri":"executor://xunit/VsTestRunner2/netcoreapp","Source":"C:\\Temp\\source\\MyApplication\\MyApplication.Test\\bin\\Debug\\net6.0\\fine-code-coverage\\build-output\\MyApplication.Test.dll","CodeFilePath":null,"LineNumber":0,"Properties":[]},"Attachments":[],"Outcome":1,"ErrorMessage":null,"ErrorStackTrace":null,"DisplayName":"MyApplication.Test.ProdutoTest.TestarSeIdEMaiorIualAZero_RetornoValido(id1: 1)","Messages":[],"ComputerName":"IDEAPAD","Duration":"00:00:00.0001600","StartTime":"2024-05-03T00:11:55.8520849+00:00","EndTime":"2024-05-03T00:11:55.852085+00:00","Properties":[]},{"TestCase":{"Id":"a346ff4c-4a71-1a21-cd32-904fd6401fd7","FullyQualifiedName":"MyApplication.Test.ProdutoTest.VerificarLista_QuantosItensNaLista_RetornaQuanidade","DisplayName":"MyApplication.Test.ProdutoTest.VerificarLista_QuantosItensNaLista_RetornaQuanidade","ExecutorUri":"executor://xunit/VsTestRunner2/netcoreapp","Source":"C:\\Temp\\source\\MyApplication\\MyApplication.Test\\bin\\Debug\\net6.0\\fine-code-coverage\\build-output\\MyApplication.Test.dll","CodeFilePath":null,"LineNumber":0,"Properties":[]},"Attachments":[],"Outcome":1,"ErrorMessage":null,"ErrorStackTrace":null,"DisplayName":"MyApplication.Test.ProdutoTest.VerificarLista_QuantosItensNaLista_RetornaQuanidade","Messages":[],"ComputerName":"IDEAPAD","Duration":"00:00:00.0001388","StartTime":"2024-05-03T00:11:55.8542103+00:00","EndTime":"2024-05-03T00:11:55.8542105+00:00","Properties":[]},{"TestCase":{"Id":"7cb48d2a-06c4-53b5-ad1c-cfc09f143a8f","FullyQualifiedName":"MyApplication.Test.ProdutoTest.TastarId","DisplayName":"MyApplication.Test.ProdutoTest.TastarId","ExecutorUri":"executor://xunit/VsTestRunner2/netcoreapp","Source":"C:\\Temp\\source\\MyApplication\\MyApplication.Test\\bin\\Debug\\net6.0\\fine-code-coverage\\build-output\\MyApplication.Test.dll","CodeFilePath":null,"LineNumber":0,"Properties":[]},"Attachments":[],"Outcome":1,"ErrorMessage":null,"ErrorStackTrace":null,"DisplayName":"MyApplication.Test.ProdutoTest.TastarId","Messages":[],"ComputerName":"IDEAPAD","Duration":"00:00:00.0000646","StartTime":"2024-05-03T00:11:55.8564293+00:00","EndTime":"2024-05-03T00:11:55.8564294+00:00","Properties":[]},{"TestCase":{"Id":"b5427ab0-9648-45ee-eb10-9d22037e5365","FullyQualifiedName":"MyApplication.Test.ProdutoTest.DescricaoENullo_RetornoNullo","DisplayName":"MyApplication.Test.ProdutoTest.DescricaoENullo_RetornoNullo","ExecutorUri":"executor://xunit/VsTestRunner2/netcoreapp","Source":"C:\\Temp\\source\\MyApplication\\MyApplication.Test\\bin\\Debug\\net6.0\\fine-code-coverage\\build-output\\MyApplication.Test.dll","CodeFilePath":null,"LineNumber":0,"Properties":[]},"Attachments":[],"Outcome":1,"ErrorMessage":null,"ErrorStackTrace":null,"DisplayName":"MyApplication.Test.ProdutoTest.DescricaoENullo_RetornoNullo","Messages":[],"ComputerName":"IDEAPAD","Duration":"00:00:00.0000275","StartTime":"2024-05-03T00:11:55.8584731+00:00","EndTime":"2024-05-03T00:11:55.8584731+00:00","Properties":[]}],"TestRunStatistics":{"ExecutedTests":16,"Stats":{"Passed":16}},"ActiveTests":[]},"RunAttachments":[],"ExecutorUris":["executor://xunit/VsTestRunner2/netcoreapp"]}}
TpTrace Verbose: 0 : 6632, 11, 2024/05/02, 21:11:55.877, 4828027968992, vstest.console.dll, TestRequestSender.EndSession: Sending end session.
TpTrace Verbose: 0 : 6632, 11, 2024/05/02, 21:11:55.877, 4828027970294, vstest.console.dll, ProxyOperationManager.Close: waiting for test host to exit for 100 ms
TpTrace Verbose: 0 : 6632, 7, 2024/05/02, 21:11:55.892, 4828028123061, vstest.console.dll, TestHostManagerCallbacks.ctor: Experimental forwarding output is disabled.
TpTrace Warning: 0 : 6632, 7, 2024/05/02, 21:11:55.892, 4828028124159, vstest.console.dll, TestHostManagerCallbacks.ErrorReceivedCallback Test host standard error line: 
TpTrace Verbose: 0 : 6632, 7, 2024/05/02, 21:11:55.904, 4828028237771, vstest.console.dll, TestHostProvider.ExitCallBack: Host exited starting callback.
TpTrace Information: 0 : 6632, 7, 2024/05/02, 21:11:55.904, 4828028239007, vstest.console.dll, TestHostManagerCallbacks.ExitCallBack: Testhost processId: 6156 exited with exitcode: 0 error: ''
TpTrace Verbose: 0 : 6632, 7, 2024/05/02, 21:11:55.904, 4828028239223, vstest.console.dll, DotnetTestHostManager.OnHostExited: invoking OnHostExited callback
TpTrace Verbose: 0 : 6632, 7, 2024/05/02, 21:11:55.904, 4828028239584, vstest.console.dll, CrossPlatEngine.TestHostManagerHostExited: calling on client process exit callback.
TpTrace Information: 0 : 6632, 7, 2024/05/02, 21:11:55.904, 4828028239881, vstest.console.dll, TestRequestSender.OnClientProcessExit: Test host process exited. Standard error: 
TpTrace Information: 0 : 6632, 7, 2024/05/02, 21:11:55.904, 4828028240137, vstest.console.dll, SocketServer.Stop: Stop server endPoint: 127.0.0.1:61300
TpTrace Information: 0 : 6632, 7, 2024/05/02, 21:11:55.904, 4828028240269, vstest.console.dll, SocketServer.Stop: Cancellation requested. Stopping message loop.
TpTrace Information: 0 : 6632, 11, 2024/05/02, 21:11:55.904, 4828028240404, vstest.console.dll, SocketServer.Stop: Stop server endPoint: 127.0.0.1:61300
TpTrace Information: 0 : 6632, 11, 2024/05/02, 21:11:55.904, 4828028240932, vstest.console.dll, SocketServer.Stop: Cancellation requested. Stopping message loop.
TpTrace Verbose: 0 : 6632, 7, 2024/05/02, 21:11:55.904, 4828028240909, vstest.console.dll, MulticastDelegateUtilities.SafeInvoke: HostProviderEvents.OnHostExited: Invoking callback 1/1 for Microsoft.VisualStudio.TestPlatform.CrossPlatEngine.Client.ProxyOperationManager., took 0 ms.
TpTrace Information: 0 : 6632, 11, 2024/05/02, 21:11:55.904, 4828028241180, vstest.console.dll, Closing the connection
TpTrace Verbose: 0 : 6632, 11, 2024/05/02, 21:11:55.904, 4828028243574, vstest.console.dll, ProxyDataCollectionManager.InvokeDataCollectionServiceAction: Starting.
TpTrace Information: 0 : 6632, 11, 2024/05/02, 21:11:55.904, 4828028243913, vstest.console.dll, ProxyDataCollectionManager.AfterTestRunEnd: Get attachment set and invoked data collectors processId: 3104 port: 61297
TpTrace Verbose: 0 : 6632, 11, 2024/05/02, 21:11:55.904, 4828028244173, vstest.console.dll, DataCollectionRequestSender.SendAfterTestRunStartAndGetResult: Send AfterTestRunEnd message with isCancelled: False
TpTrace Verbose: 0 : 6632, 11, 2024/05/02, 21:11:55.910, 4828028304995, vstest.console.dll, DataCollectionRequestSender.SendAfterTestRunStartAndGetResult: Received message: (DataCollection.AfterTestRunEndResult) -> {"MessageType":"DataCollection.AfterTestRunEndResult","Payload":{"AttachmentSets":[],"InvokedDataCollectors":[{"Uri":"datacollector://Microsoft/TestPlatform/Extensions/Blame/v1","FriendlyName":"Blame","AssemblyQualifiedName":"Microsoft.TestPlatform.Extensions.BlameDataCollector.BlameCollector, Microsoft.TestPlatform.Extensions.BlameDataCollector, Version=15.0.0.0, Culture=neutral, PublicKeyToken=b03f5f7f11d50a3a","FilePath":"C:\\Program Files\\dotnet\\sdk\\8.0.204\\Extensions\\Microsoft.TestPlatform.Extensions.BlameDataCollector.dll","HasAttachmentProcessor":false}],"Metrics":{}}}
TpTrace Information: 0 : 6632, 11, 2024/05/02, 21:11:55.914, 4828028339502, vstest.console.dll, ProxyDataCollectionManager.InvokeDataCollectionServiceAction: Completed.
TpTrace Warning: 0 : 6632, 10, 2024/05/02, 21:11:55.924, 4828028440342, vstest.console.dll, DataCollectionLauncher.ErrorReceivedCallback datacollector standard error line: 
TpTrace Information: 0 : 6632, 10, 2024/05/02, 21:11:55.930, 4828028502681, vstest.console.dll, DataCollectionLauncher.ExitCallBack: Data collector exited with exitcode: 0 error: ''
TpTrace Verbose: 0 : 6632, 11, 2024/05/02, 21:11:55.939, 4828028594358, vstest.console.dll, TestRunRequest:SendTestRunStatsChange: Starting.
TpTrace Verbose: 0 : 6632, 11, 2024/05/02, 21:11:55.939, 4828028595335, vstest.console.dll, MulticastDelegateUtilities.SafeInvoke: TestRun.RunStatsChanged: Invoking callbacks was skipped because there are no subscribers.
TpTrace Information: 0 : 6632, 11, 2024/05/02, 21:11:55.939, 4828028595563, vstest.console.dll, TestRunRequest:SendTestRunStatsChange: Completed.
TpTrace Verbose: 0 : 6632, 4, 2024/05/02, 21:11:55.939, 4828028595856, vstest.console.dll, MulticastDelegateUtilities.SafeInvoke: InternalTestLoggerEvents.SendTestResult: Invoking callback 1/1 for Microsoft.VisualStudio.TestPlatform.CommandLine.Internal.ConsoleLogger., took 0 ms.
TpTrace Verbose: 0 : 6632, 4, 2024/05/02, 21:11:55.940, 4828028596438, vstest.console.dll, MulticastDelegateUtilities.SafeInvoke: InternalTestLoggerEvents.SendTestResult: Invoking callback 1/1 for Microsoft.VisualStudio.TestPlatform.CommandLine.Internal.ConsoleLogger., took 0 ms.
TpTrace Verbose: 0 : 6632, 4, 2024/05/02, 21:11:55.940, 4828028596651, vstest.console.dll, MulticastDelegateUtilities.SafeInvoke: InternalTestLoggerEvents.SendTestResult: Invoking callback 1/1 for Microsoft.VisualStudio.TestPlatform.CommandLine.Internal.ConsoleLogger., took 0 ms.
TpTrace Verbose: 0 : 6632, 4, 2024/05/02, 21:11:55.940, 4828028596857, vstest.console.dll, MulticastDelegateUtilities.SafeInvoke: InternalTestLoggerEvents.SendTestResult: Invoking callback 1/1 for Microsoft.VisualStudio.TestPlatform.CommandLine.Internal.ConsoleLogger., took 0 ms.
TpTrace Verbose: 0 : 6632, 4, 2024/05/02, 21:11:55.940, 4828028597050, vstest.console.dll, MulticastDelegateUtilities.SafeInvoke: InternalTestLoggerEvents.SendTestResult: Invoking callback 1/1 for Microsoft.VisualStudio.TestPlatform.CommandLine.Internal.ConsoleLogger., took 0 ms.
TpTrace Verbose: 0 : 6632, 11, 2024/05/02, 21:11:55.940, 4828028597192, vstest.console.dll, ParallelProxyExecutionManager: HandlePartialRunComplete: Total workloads = 1, Total started clients = 1 Total completed clients = 1, Run complete = True, Run canceled: False.
TpTrace Verbose: 0 : 6632, 4, 2024/05/02, 21:11:55.940, 4828028597255, vstest.console.dll, MulticastDelegateUtilities.SafeInvoke: InternalTestLoggerEvents.SendTestResult: Invoking callback 1/1 for Microsoft.VisualStudio.TestPlatform.CommandLine.Internal.ConsoleLogger., took 0 ms.
TpTrace Verbose: 0 : 6632, 11, 2024/05/02, 21:11:55.940, 4828028597454, vstest.console.dll, ParallelProxyExecutionManager: HandlePartialRunComplete: All runs completed stopping all managers.
TpTrace Verbose: 0 : 6632, 4, 2024/05/02, 21:11:55.940, 4828028597671, vstest.console.dll, MulticastDelegateUtilities.SafeInvoke: InternalTestLoggerEvents.SendTestResult: Invoking callback 1/1 for Microsoft.VisualStudio.TestPlatform.CommandLine.Internal.ConsoleLogger., took 0 ms.
TpTrace Verbose: 0 : 6632, 11, 2024/05/02, 21:11:55.940, 4828028597796, vstest.console.dll, ParallelOperationManager.StopAllManagers: Stopping all managers.
TpTrace Verbose: 0 : 6632, 11, 2024/05/02, 21:11:55.940, 4828028597982, vstest.console.dll, ParallelOperationManager.ClearSlots: Clearing all slots. Slots should accept more work: False
TpTrace Verbose: 0 : 6632, 11, 2024/05/02, 21:11:55.940, 4828028598173, vstest.console.dll, ParallelOperationManager.SetOccupiedSlotCount: Setting slot counts AvailableSlotCount = 1, OccupiedSlotCount = 0.
TpTrace Verbose: 0 : 6632, 11, 2024/05/02, 21:11:55.940, 4828028598342, vstest.console.dll, Occupied slots:

TpTrace Verbose: 0 : 6632, 4, 2024/05/02, 21:11:55.944, 4828028642074, vstest.console.dll, MulticastDelegateUtilities.SafeInvoke: InternalTestLoggerEvents.SendTestRunComplete: Invoking callback 1/2 for Microsoft.TestPlatform.Extensions.BlameDataCollector.BlameLogger., took 0 ms.
TpTrace Verbose: 0 : 6632, 4, 2024/05/02, 21:11:55.947, 4828028674756, vstest.console.dll, MulticastDelegateUtilities.SafeInvoke: InternalTestLoggerEvents.SendTestRunComplete: Invoking callback 2/2 for Microsoft.VisualStudio.TestPlatform.CommandLine.Internal.ConsoleLogger., took 3 ms.
TpTrace Verbose: 0 : 6632, 11, 2024/05/02, 21:11:55.948, 4828028676455, vstest.console.dll, TestRunRequest:TestRunComplete: Starting. IsAborted:False IsCanceled:False.
TpTrace Verbose: 0 : 6632, 11, 2024/05/02, 21:11:55.948, 4828028677603, vstest.console.dll, ParallelOperationManager.DoActionOnAllManagers: Calling an action on all managers.
TpTrace Verbose: 0 : 6632, 11, 2024/05/02, 21:11:55.948, 4828028682448, vstest.console.dll, TestLoggerManager.HandleTestRunComplete: Ignoring as the object is disposed.
TpTrace Verbose: 0 : 6632, 11, 2024/05/02, 21:11:55.948, 4828028683612, vstest.console.dll, MulticastDelegateUtilities.SafeInvoke: TestRun.TestRunComplete: Invoking callback 1/2 for Microsoft.VisualStudio.TestPlatform.CommandLine.TestRunResultAggregator., took 0 ms.
TpTrace Verbose: 0 : 6632, 11, 2024/05/02, 21:11:55.948, 4828028684226, vstest.console.dll, MulticastDelegateUtilities.SafeInvoke: TestRun.TestRunComplete: Invoking callback 2/2 for Microsoft.VisualStudio.TestPlatform.CommandLine.Processors.RunTestsArgumentExecutor+TestRunRequestEventsRegistrar., took 0 ms.
TpTrace Information: 0 : 6632, 11, 2024/05/02, 21:11:55.948, 4828028684742, vstest.console.dll, TestRunRequest:TestRunComplete: Completed.
TpTrace Verbose: 0 : 6632, 11, 2024/05/02, 21:11:55.948, 4828028685115, vstest.console.dll, TestRequestSender.SetOperationComplete: Setting operation complete.
TpTrace Verbose: 0 : 6632, 1, 2024/05/02, 21:11:55.948, 4828028685211, vstest.console.dll, TestRunRequest.Dispose: Starting.
TpTrace Information: 0 : 6632, 11, 2024/05/02, 21:11:55.948, 4828028685289, vstest.console.dll, SocketServer.Stop: Stop server endPoint: 127.0.0.1:61300
TpTrace Information: 0 : 6632, 1, 2024/05/02, 21:11:55.948, 4828028685681, vstest.console.dll, TestRunRequest.Dispose: Completed.
TpTrace Information: 0 : 6632, 11, 2024/05/02, 21:11:55.948, 4828028685856, vstest.console.dll, SocketServer.Stop: Cancellation requested. Stopping message loop.
TpTrace Information: 0 : 6632, 1, 2024/05/02, 21:11:55.949, 4828028686070, vstest.console.dll, TestRequestManager.RunTests: run tests completed.
TpTrace Verbose: 0 : 6632, 11, 2024/05/02, 21:11:55.949, 4828028686189, vstest.console.dll, MulticastDelegateUtilities.SafeInvoke: LengthPrefixCommunicationChannel: MessageReceived: Invoking callback 1/1 for Microsoft.VisualStudio.TestPlatform.CommunicationUtilities.TestRequestSender+<>c__DisplayClass34_0., took 71 ms.
TpTrace Information: 0 : 6632, 11, 2024/05/02, 21:11:55.949, 4828028686498, vstest.console.dll, SocketServer.PrivateStop: Stopping server endPoint: 127.0.0.1:61300 error: 
TpTrace Information: 0 : 6632, 1, 2024/05/02, 21:11:55.949, 4828028686506, vstest.console.dll, RunTestsArgumentProcessor:Execute: Test run is completed.
TpTrace Verbose: 0 : 6632, 1, 2024/05/02, 21:11:55.949, 4828028687803, vstest.console.dll, Executor.Execute: Exiting with exit code of 0
TpTrace Verbose: 0 : 6632, 11, 2024/05/02, 21:11:55.949, 4828028689419, vstest.console.dll, LengthPrefixCommunicationChannel.Dispose: Dispose reader and writer.
TpTrace Information: 0 : 6632, 11, 2024/05/02, 21:11:55.949, 4828028689935, vstest.console.dll, SocketServer.Stop: Raise disconnected event endPoint: 127.0.0.1:61300 error: 
TpTrace Verbose: 0 : 6632, 11, 2024/05/02, 21:11:55.949, 4828028690389, vstest.console.dll, TestRequestSender: OnTestRunAbort: Operation is already complete. Skip error message.
TpTrace Verbose: 0 : 6632, 11, 2024/05/02, 21:11:55.949, 4828028690568, vstest.console.dll, MulticastDelegateUtilities.SafeInvoke: SocketServer: ClientDisconnected: Invoking callback 1/1 for Microsoft.VisualStudio.TestPlatform.CommunicationUtilities.TestRequestSender., took 0 ms.
TpTrace Verbose: 0 : 6632, 11, 2024/05/02, 21:11:55.949, 4828028690721, vstest.console.dll, TcpClientExtensions.MessageLoopAsync: exiting MessageLoopAsync remoteEndPoint: 127.0.0.1:61301 localEndPoint: 127.0.0.1:61300
